2014/05/26 22:28:33 [error] [exception.CHttpException.404] exception 'CHttpException' with message 'The system is unable to find the requested action "gii".' in /Users/chanchal/WebApplication/yii/framework/web/CController.php:483
Stack trace:
#0 /Users/chanchal/WebApplication/yii/framework/web/CController.php(270): CController->missingAction('gii')
#1 /Users/chanchal/WebApplication/yii/framework/web/CWebApplication.php(282): CController->run('gii')
#2 /Users/chanchal/WebApplication/yii/framework/web/CWebApplication.php(141): CWebApplication->runController('site/gii')
#3 /Users/chanchal/WebApplication/yii/framework/base/CApplication.php(180): CWebApplication->processRequest()
#4 /Applications/MAMP/htdocs/gotrack/index.php(13): CApplication->run()
#5 {main}
REQUEST_URI=/gotrack/index.php?r=site/gii
---
2014/05/28 08:25:10 [error] [exception.CHttpException.404] exception 'CHttpException' with message 'The system is unable to find the requested action "gii".' in /Users/chanchal/WebApplication/yii/framework/web/CController.php:483
Stack trace:
#0 /Users/chanchal/WebApplication/yii/framework/web/CController.php(270): CController->missingAction('gii')
#1 /Users/chanchal/WebApplication/yii/framework/web/CWebApplication.php(282): CController->run('gii')
#2 /Users/chanchal/WebApplication/yii/framework/web/CWebApplication.php(141): CWebApplication->runController('site/gii')
#3 /Users/chanchal/WebApplication/yii/framework/base/CApplication.php(180): CWebApplication->processRequest()
#4 /Applications/MAMP/htdocs/gotrack/index.php(13): CApplication->run()
#5 {main}
REQUEST_URI=/gotrack/index.php?r=site/gii
---
2014/05/28 08:28:35 [error] [exception.CDbException] exception 'CDbException' with message 'CDbConnection failed to open the DB connection: SQLSTATE[28000] [1045] Access denied for user 'gotrackAdmin'@'localhost' (using password: YES)' in /Users/chanchal/WebApplication/yii/framework/db/CDbConnection.php:382
Stack trace:
#0 /Users/chanchal/WebApplication/yii/framework/db/CDbConnection.php(330): CDbConnection->open()
#1 /Users/chanchal/WebApplication/yii/framework/db/CDbConnection.php(308): CDbConnection->setActive(true)
#2 /Users/chanchal/WebApplication/yii/framework/base/CModule.php(387): CDbConnection->init()
#3 /Users/chanchal/WebApplication/yii/framework/base/CModule.php(103): CModule->getComponent('db')
#4 /Users/chanchal/WebApplication/yii/framework/gii/generators/model/ModelCode.php(60): CModule->__get('db')
#5 /Users/chanchal/WebApplication/yii/framework/web/CFormModel.php(39): ModelCode->init()
#6 /Users/chanchal/WebApplication/yii/framework/gii/CCodeGenerator.php(153): CFormModel->__construct()
#7 /Users/chanchal/WebApplication/yii/framework/gii/CCodeGenerator.php(63): CCodeGenerator->prepare()
#8 /Users/chanchal/WebApplication/yii/framework/web/actions/CInlineAction.php(49): CCodeGenerator->actionIndex()
#9 /Users/chanchal/WebApplication/yii/framework/web/CController.php(308): CInlineAction->runWithParams(Array)
#10 /Users/chanchal/WebApplication/yii/framework/web/CController.php(286): CController->runAction(Object(CInlineAction))
#11 /Users/chanchal/WebApplication/yii/framework/web/CController.php(265): CController->runActionWithFilters(Object(CInlineAction), Array)
#12 /Users/chanchal/WebApplication/yii/framework/web/CWebApplication.php(282): CController->run('index')
#13 /Users/chanchal/WebApplication/yii/framework/web/CWebApplication.php(141): CWebApplication->runController('gii/model/index')
#14 /Users/chanchal/WebApplication/yii/framework/base/CApplication.php(180): CWebApplication->processRequest()
#15 /Applications/MAMP/htdocs/gotrack/index.php(13): CApplication->run()
#16 {main}
REQUEST_URI=/gotrack/index.php?r=gii/model/index
HTTP_REFERER=http://localhost:8383/gotrack/index.php?r=gii/default/index
---
2014/05/28 08:30:54 [error] [exception.CDbException] exception 'CDbException' with message 'CDbConnection failed to open the DB connection: SQLSTATE[28000] [1045] Access denied for user 'gotractAdmin'@'localhost' (using password: YES)' in /Users/chanchal/WebApplication/yii/framework/db/CDbConnection.php:382
Stack trace:
#0 /Users/chanchal/WebApplication/yii/framework/db/CDbConnection.php(330): CDbConnection->open()
#1 /Users/chanchal/WebApplication/yii/framework/db/CDbConnection.php(308): CDbConnection->setActive(true)
#2 /Users/chanchal/WebApplication/yii/framework/base/CModule.php(387): CDbConnection->init()
#3 /Users/chanchal/WebApplication/yii/framework/base/CModule.php(103): CModule->getComponent('db')
#4 /Users/chanchal/WebApplication/yii/framework/gii/generators/model/ModelCode.php(60): CModule->__get('db')
#5 /Users/chanchal/WebApplication/yii/framework/web/CFormModel.php(39): ModelCode->init()
#6 /Users/chanchal/WebApplication/yii/framework/gii/CCodeGenerator.php(153): CFormModel->__construct()
#7 /Users/chanchal/WebApplication/yii/framework/gii/CCodeGenerator.php(63): CCodeGenerator->prepare()
#8 /Users/chanchal/WebApplication/yii/framework/web/actions/CInlineAction.php(49): CCodeGenerator->actionIndex()
#9 /Users/chanchal/WebApplication/yii/framework/web/CController.php(308): CInlineAction->runWithParams(Array)
#10 /Users/chanchal/WebApplication/yii/framework/web/CController.php(286): CController->runAction(Object(CInlineAction))
#11 /Users/chanchal/WebApplication/yii/framework/web/CController.php(265): CController->runActionWithFilters(Object(CInlineAction), Array)
#12 /Users/chanchal/WebApplication/yii/framework/web/CWebApplication.php(282): CController->run('index')
#13 /Users/chanchal/WebApplication/yii/framework/web/CWebApplication.php(141): CWebApplication->runController('gii/model/index')
#14 /Users/chanchal/WebApplication/yii/framework/base/CApplication.php(180): CWebApplication->processRequest()
#15 /Applications/MAMP/htdocs/gotrack/index.php(13): CApplication->run()
#16 {main}
REQUEST_URI=/gotrack/index.php?r=gii/model/index
HTTP_REFERER=http://localhost:8383/gotrack/index.php?r=gii/default/index
---
2014/05/28 08:30:57 [error] [exception.CDbException] exception 'CDbException' with message 'CDbConnection failed to open the DB connection: SQLSTATE[28000] [1045] Access denied for user 'gotractAdmin'@'localhost' (using password: YES)' in /Users/chanchal/WebApplication/yii/framework/db/CDbConnection.php:382
Stack trace:
#0 /Users/chanchal/WebApplication/yii/framework/db/CDbConnection.php(330): CDbConnection->open()
#1 /Users/chanchal/WebApplication/yii/framework/db/CDbConnection.php(308): CDbConnection->setActive(true)
#2 /Users/chanchal/WebApplication/yii/framework/base/CModule.php(387): CDbConnection->init()
#3 /Users/chanchal/WebApplication/yii/framework/base/CModule.php(103): CModule->getComponent('db')
#4 /Users/chanchal/WebApplication/yii/framework/gii/generators/model/ModelCode.php(60): CModule->__get('db')
#5 /Users/chanchal/WebApplication/yii/framework/web/CFormModel.php(39): ModelCode->init()
#6 /Users/chanchal/WebApplication/yii/framework/gii/CCodeGenerator.php(153): CFormModel->__construct()
#7 /Users/chanchal/WebApplication/yii/framework/gii/CCodeGenerator.php(63): CCodeGenerator->prepare()
#8 /Users/chanchal/WebApplication/yii/framework/web/actions/CInlineAction.php(49): CCodeGenerator->actionIndex()
#9 /Users/chanchal/WebApplication/yii/framework/web/CController.php(308): CInlineAction->runWithParams(Array)
#10 /Users/chanchal/WebApplication/yii/framework/web/CController.php(286): CController->runAction(Object(CInlineAction))
#11 /Users/chanchal/WebApplication/yii/framework/web/CController.php(265): CController->runActionWithFilters(Object(CInlineAction), Array)
#12 /Users/chanchal/WebApplication/yii/framework/web/CWebApplication.php(282): CController->run('index')
#13 /Users/chanchal/WebApplication/yii/framework/web/CWebApplication.php(141): CWebApplication->runController('gii/model/index')
#14 /Users/chanchal/WebApplication/yii/framework/base/CApplication.php(180): CWebApplication->processRequest()
#15 /Applications/MAMP/htdocs/gotrack/index.php(13): CApplication->run()
#16 {main}
REQUEST_URI=/gotrack/index.php?r=gii/model/index
HTTP_REFERER=http://localhost:8383/gotrack/index.php?r=gii/default/index
---
2014/05/28 08:30:58 [error] [exception.CDbException] exception 'CDbException' with message 'CDbConnection failed to open the DB connection: SQLSTATE[28000] [1045] Access denied for user 'gotractAdmin'@'localhost' (using password: YES)' in /Users/chanchal/WebApplication/yii/framework/db/CDbConnection.php:382
Stack trace:
#0 /Users/chanchal/WebApplication/yii/framework/db/CDbConnection.php(330): CDbConnection->open()
#1 /Users/chanchal/WebApplication/yii/framework/db/CDbConnection.php(308): CDbConnection->setActive(true)
#2 /Users/chanchal/WebApplication/yii/framework/base/CModule.php(387): CDbConnection->init()
#3 /Users/chanchal/WebApplication/yii/framework/base/CModule.php(103): CModule->getComponent('db')
#4 /Users/chanchal/WebApplication/yii/framework/gii/generators/model/ModelCode.php(60): CModule->__get('db')
#5 /Users/chanchal/WebApplication/yii/framework/web/CFormModel.php(39): ModelCode->init()
#6 /Users/chanchal/WebApplication/yii/framework/gii/CCodeGenerator.php(153): CFormModel->__construct()
#7 /Users/chanchal/WebApplication/yii/framework/gii/CCodeGenerator.php(63): CCodeGenerator->prepare()
#8 /Users/chanchal/WebApplication/yii/framework/web/actions/CInlineAction.php(49): CCodeGenerator->actionIndex()
#9 /Users/chanchal/WebApplication/yii/framework/web/CController.php(308): CInlineAction->runWithParams(Array)
#10 /Users/chanchal/WebApplication/yii/framework/web/CController.php(286): CController->runAction(Object(CInlineAction))
#11 /Users/chanchal/WebApplication/yii/framework/web/CController.php(265): CController->runActionWithFilters(Object(CInlineAction), Array)
#12 /Users/chanchal/WebApplication/yii/framework/web/CWebApplication.php(282): CController->run('index')
#13 /Users/chanchal/WebApplication/yii/framework/web/CWebApplication.php(141): CWebApplication->runController('gii/model/index')
#14 /Users/chanchal/WebApplication/yii/framework/base/CApplication.php(180): CWebApplication->processRequest()
#15 /Applications/MAMP/htdocs/gotrack/index.php(13): CApplication->run()
#16 {main}
REQUEST_URI=/gotrack/index.php?r=gii/model/index
HTTP_REFERER=http://localhost:8383/gotrack/index.php?r=gii/default/index
---
2014/05/28 08:30:59 [error] [exception.CDbException] exception 'CDbException' with message 'CDbConnection failed to open the DB connection: SQLSTATE[28000] [1045] Access denied for user 'gotractAdmin'@'localhost' (using password: YES)' in /Users/chanchal/WebApplication/yii/framework/db/CDbConnection.php:382
Stack trace:
#0 /Users/chanchal/WebApplication/yii/framework/db/CDbConnection.php(330): CDbConnection->open()
#1 /Users/chanchal/WebApplication/yii/framework/db/CDbConnection.php(308): CDbConnection->setActive(true)
#2 /Users/chanchal/WebApplication/yii/framework/base/CModule.php(387): CDbConnection->init()
#3 /Users/chanchal/WebApplication/yii/framework/base/CModule.php(103): CModule->getComponent('db')
#4 /Users/chanchal/WebApplication/yii/framework/gii/generators/model/ModelCode.php(60): CModule->__get('db')
#5 /Users/chanchal/WebApplication/yii/framework/web/CFormModel.php(39): ModelCode->init()
#6 /Users/chanchal/WebApplication/yii/framework/gii/CCodeGenerator.php(153): CFormModel->__construct()
#7 /Users/chanchal/WebApplication/yii/framework/gii/CCodeGenerator.php(63): CCodeGenerator->prepare()
#8 /Users/chanchal/WebApplication/yii/framework/web/actions/CInlineAction.php(49): CCodeGenerator->actionIndex()
#9 /Users/chanchal/WebApplication/yii/framework/web/CController.php(308): CInlineAction->runWithParams(Array)
#10 /Users/chanchal/WebApplication/yii/framework/web/CController.php(286): CController->runAction(Object(CInlineAction))
#11 /Users/chanchal/WebApplication/yii/framework/web/CController.php(265): CController->runActionWithFilters(Object(CInlineAction), Array)
#12 /Users/chanchal/WebApplication/yii/framework/web/CWebApplication.php(282): CController->run('index')
#13 /Users/chanchal/WebApplication/yii/framework/web/CWebApplication.php(141): CWebApplication->runController('gii/model/index')
#14 /Users/chanchal/WebApplication/yii/framework/base/CApplication.php(180): CWebApplication->processRequest()
#15 /Applications/MAMP/htdocs/gotrack/index.php(13): CApplication->run()
#16 {main}
REQUEST_URI=/gotrack/index.php?r=gii/model/index
HTTP_REFERER=http://localhost:8383/gotrack/index.php?r=gii/default/index
---
2014/05/28 08:31:00 [error] [exception.CDbException] exception 'CDbException' with message 'CDbConnection failed to open the DB connection: SQLSTATE[28000] [1045] Access denied for user 'gotractAdmin'@'localhost' (using password: YES)' in /Users/chanchal/WebApplication/yii/framework/db/CDbConnection.php:382
Stack trace:
#0 /Users/chanchal/WebApplication/yii/framework/db/CDbConnection.php(330): CDbConnection->open()
#1 /Users/chanchal/WebApplication/yii/framework/db/CDbConnection.php(308): CDbConnection->setActive(true)
#2 /Users/chanchal/WebApplication/yii/framework/base/CModule.php(387): CDbConnection->init()
#3 /Users/chanchal/WebApplication/yii/framework/base/CModule.php(103): CModule->getComponent('db')
#4 /Users/chanchal/WebApplication/yii/framework/gii/generators/model/ModelCode.php(60): CModule->__get('db')
#5 /Users/chanchal/WebApplication/yii/framework/web/CFormModel.php(39): ModelCode->init()
#6 /Users/chanchal/WebApplication/yii/framework/gii/CCodeGenerator.php(153): CFormModel->__construct()
#7 /Users/chanchal/WebApplication/yii/framework/gii/CCodeGenerator.php(63): CCodeGenerator->prepare()
#8 /Users/chanchal/WebApplication/yii/framework/web/actions/CInlineAction.php(49): CCodeGenerator->actionIndex()
#9 /Users/chanchal/WebApplication/yii/framework/web/CController.php(308): CInlineAction->runWithParams(Array)
#10 /Users/chanchal/WebApplication/yii/framework/web/CController.php(286): CController->runAction(Object(CInlineAction))
#11 /Users/chanchal/WebApplication/yii/framework/web/CController.php(265): CController->runActionWithFilters(Object(CInlineAction), Array)
#12 /Users/chanchal/WebApplication/yii/framework/web/CWebApplication.php(282): CController->run('index')
#13 /Users/chanchal/WebApplication/yii/framework/web/CWebApplication.php(141): CWebApplication->runController('gii/model/index')
#14 /Users/chanchal/WebApplication/yii/framework/base/CApplication.php(180): CWebApplication->processRequest()
#15 /Applications/MAMP/htdocs/gotrack/index.php(13): CApplication->run()
#16 {main}
REQUEST_URI=/gotrack/index.php?r=gii/model/index
HTTP_REFERER=http://localhost:8383/gotrack/index.php?r=gii/default/index
---
2014/05/28 08:31:26 [error] [exception.CDbException] exception 'CDbException' with message 'CDbConnection failed to open the DB connection: SQLSTATE[28000] [1045] Access denied for user 'gotractAdmin'@'localhost' (using password: YES)' in /Users/chanchal/WebApplication/yii/framework/db/CDbConnection.php:382
Stack trace:
#0 /Users/chanchal/WebApplication/yii/framework/db/CDbConnection.php(330): CDbConnection->open()
#1 /Users/chanchal/WebApplication/yii/framework/db/CDbConnection.php(308): CDbConnection->setActive(true)
#2 /Users/chanchal/WebApplication/yii/framework/base/CModule.php(387): CDbConnection->init()
#3 /Users/chanchal/WebApplication/yii/framework/base/CModule.php(103): CModule->getComponent('db')
#4 /Users/chanchal/WebApplication/yii/framework/gii/generators/model/ModelCode.php(60): CModule->__get('db')
#5 /Users/chanchal/WebApplication/yii/framework/web/CFormModel.php(39): ModelCode->init()
#6 /Users/chanchal/WebApplication/yii/framework/gii/CCodeGenerator.php(153): CFormModel->__construct()
#7 /Users/chanchal/WebApplication/yii/framework/gii/CCodeGenerator.php(63): CCodeGenerator->prepare()
#8 /Users/chanchal/WebApplication/yii/framework/web/actions/CInlineAction.php(49): CCodeGenerator->actionIndex()
#9 /Users/chanchal/WebApplication/yii/framework/web/CController.php(308): CInlineAction->runWithParams(Array)
#10 /Users/chanchal/WebApplication/yii/framework/web/CController.php(286): CController->runAction(Object(CInlineAction))
#11 /Users/chanchal/WebApplication/yii/framework/web/CController.php(265): CController->runActionWithFilters(Object(CInlineAction), Array)
#12 /Users/chanchal/WebApplication/yii/framework/web/CWebApplication.php(282): CController->run('index')
#13 /Users/chanchal/WebApplication/yii/framework/web/CWebApplication.php(141): CWebApplication->runController('gii/model/index')
#14 /Users/chanchal/WebApplication/yii/framework/base/CApplication.php(180): CWebApplication->processRequest()
#15 /Applications/MAMP/htdocs/gotrack/index.php(13): CApplication->run()
#16 {main}
REQUEST_URI=/gotrack/index.php?r=gii/model/index
HTTP_REFERER=http://localhost:8383/gotrack/index.php?r=gii/default/index
---
2014/05/28 08:31:50 [error] [exception.CDbException] exception 'CDbException' with message 'CDbConnection failed to open the DB connection: SQLSTATE[28000] [1045] Access denied for user 'gotractAdmin'@'localhost' (using password: YES)' in /Users/chanchal/WebApplication/yii/framework/db/CDbConnection.php:382
Stack trace:
#0 /Users/chanchal/WebApplication/yii/framework/db/CDbConnection.php(330): CDbConnection->open()
#1 /Users/chanchal/WebApplication/yii/framework/db/CDbConnection.php(308): CDbConnection->setActive(true)
#2 /Users/chanchal/WebApplication/yii/framework/base/CModule.php(387): CDbConnection->init()
#3 /Users/chanchal/WebApplication/yii/framework/base/CModule.php(103): CModule->getComponent('db')
#4 /Users/chanchal/WebApplication/yii/framework/gii/generators/model/ModelCode.php(60): CModule->__get('db')
#5 /Users/chanchal/WebApplication/yii/framework/web/CFormModel.php(39): ModelCode->init()
#6 /Users/chanchal/WebApplication/yii/framework/gii/CCodeGenerator.php(153): CFormModel->__construct()
#7 /Users/chanchal/WebApplication/yii/framework/gii/CCodeGenerator.php(63): CCodeGenerator->prepare()
#8 /Users/chanchal/WebApplication/yii/framework/web/actions/CInlineAction.php(49): CCodeGenerator->actionIndex()
#9 /Users/chanchal/WebApplication/yii/framework/web/CController.php(308): CInlineAction->runWithParams(Array)
#10 /Users/chanchal/WebApplication/yii/framework/web/CController.php(286): CController->runAction(Object(CInlineAction))
#11 /Users/chanchal/WebApplication/yii/framework/web/CController.php(265): CController->runActionWithFilters(Object(CInlineAction), Array)
#12 /Users/chanchal/WebApplication/yii/framework/web/CWebApplication.php(282): CController->run('index')
#13 /Users/chanchal/WebApplication/yii/framework/web/CWebApplication.php(141): CWebApplication->runController('gii/model/index')
#14 /Users/chanchal/WebApplication/yii/framework/base/CApplication.php(180): CWebApplication->processRequest()
#15 /Applications/MAMP/htdocs/gotrack/index.php(13): CApplication->run()
#16 {main}
REQUEST_URI=/gotrack/index.php?r=gii/model/index
HTTP_REFERER=http://localhost:8383/gotrack/index.php?r=gii
---
2014/05/28 08:33:13 [error] [exception.CDbException] exception 'CDbException' with message 'CDbConnection failed to open the DB connection: SQLSTATE[42000] [1044] Access denied for user ''@'localhost' to database 'gotrack'' in /Users/chanchal/WebApplication/yii/framework/db/CDbConnection.php:382
Stack trace:
#0 /Users/chanchal/WebApplication/yii/framework/db/CDbConnection.php(330): CDbConnection->open()
#1 /Users/chanchal/WebApplication/yii/framework/db/CDbConnection.php(308): CDbConnection->setActive(true)
#2 /Users/chanchal/WebApplication/yii/framework/base/CModule.php(387): CDbConnection->init()
#3 /Users/chanchal/WebApplication/yii/framework/base/CModule.php(103): CModule->getComponent('db')
#4 /Users/chanchal/WebApplication/yii/framework/gii/generators/model/ModelCode.php(60): CModule->__get('db')
#5 /Users/chanchal/WebApplication/yii/framework/web/CFormModel.php(39): ModelCode->init()
#6 /Users/chanchal/WebApplication/yii/framework/gii/CCodeGenerator.php(153): CFormModel->__construct()
#7 /Users/chanchal/WebApplication/yii/framework/gii/CCodeGenerator.php(63): CCodeGenerator->prepare()
#8 /Users/chanchal/WebApplication/yii/framework/web/actions/CInlineAction.php(49): CCodeGenerator->actionIndex()
#9 /Users/chanchal/WebApplication/yii/framework/web/CController.php(308): CInlineAction->runWithParams(Array)
#10 /Users/chanchal/WebApplication/yii/framework/web/CController.php(286): CController->runAction(Object(CInlineAction))
#11 /Users/chanchal/WebApplication/yii/framework/web/CController.php(265): CController->runActionWithFilters(Object(CInlineAction), Array)
#12 /Users/chanchal/WebApplication/yii/framework/web/CWebApplication.php(282): CController->run('index')
#13 /Users/chanchal/WebApplication/yii/framework/web/CWebApplication.php(141): CWebApplication->runController('gii/model/index')
#14 /Users/chanchal/WebApplication/yii/framework/base/CApplication.php(180): CWebApplication->processRequest()
#15 /Applications/MAMP/htdocs/gotrack/index.php(13): CApplication->run()
#16 {main}
REQUEST_URI=/gotrack/index.php?r=gii/model/index
HTTP_REFERER=http://localhost:8383/gotrack/index.php?r=gii
---
2014/05/28 08:33:18 [error] [exception.CDbException] exception 'CDbException' with message 'CDbConnection failed to open the DB connection: SQLSTATE[42000] [1044] Access denied for user ''@'localhost' to database 'gotrack'' in /Users/chanchal/WebApplication/yii/framework/db/CDbConnection.php:382
Stack trace:
#0 /Users/chanchal/WebApplication/yii/framework/db/CDbConnection.php(330): CDbConnection->open()
#1 /Users/chanchal/WebApplication/yii/framework/db/CDbConnection.php(308): CDbConnection->setActive(true)
#2 /Users/chanchal/WebApplication/yii/framework/base/CModule.php(387): CDbConnection->init()
#3 /Users/chanchal/WebApplication/yii/framework/base/CModule.php(103): CModule->getComponent('db')
#4 /Users/chanchal/WebApplication/yii/framework/gii/generators/crud/CrudCode.php(44): CModule->__get('db')
#5 /Users/chanchal/WebApplication/yii/framework/web/CFormModel.php(39): CrudCode->init()
#6 /Users/chanchal/WebApplication/yii/framework/gii/CCodeGenerator.php(153): CFormModel->__construct()
#7 /Users/chanchal/WebApplication/yii/framework/gii/CCodeGenerator.php(63): CCodeGenerator->prepare()
#8 /Users/chanchal/WebApplication/yii/framework/web/actions/CInlineAction.php(49): CCodeGenerator->actionIndex()
#9 /Users/chanchal/WebApplication/yii/framework/web/CController.php(308): CInlineAction->runWithParams(Array)
#10 /Users/chanchal/WebApplication/yii/framework/web/CController.php(286): CController->runAction(Object(CInlineAction))
#11 /Users/chanchal/WebApplication/yii/framework/web/CController.php(265): CController->runActionWithFilters(Object(CInlineAction), Array)
#12 /Users/chanchal/WebApplication/yii/framework/web/CWebApplication.php(282): CController->run('index')
#13 /Users/chanchal/WebApplication/yii/framework/web/CWebApplication.php(141): CWebApplication->runController('gii/crud/index')
#14 /Users/chanchal/WebApplication/yii/framework/base/CApplication.php(180): CWebApplication->processRequest()
#15 /Applications/MAMP/htdocs/gotrack/index.php(13): CApplication->run()
#16 {main}
REQUEST_URI=/gotrack/index.php?r=gii/crud/index
HTTP_REFERER=http://localhost:8383/gotrack/index.php?r=gii
---
2014/05/28 08:33:21 [error] [exception.CDbException] exception 'CDbException' with message 'CDbConnection failed to open the DB connection: SQLSTATE[42000] [1044] Access denied for user ''@'localhost' to database 'gotrack'' in /Users/chanchal/WebApplication/yii/framework/db/CDbConnection.php:382
Stack trace:
#0 /Users/chanchal/WebApplication/yii/framework/db/CDbConnection.php(330): CDbConnection->open()
#1 /Users/chanchal/WebApplication/yii/framework/db/CDbConnection.php(308): CDbConnection->setActive(true)
#2 /Users/chanchal/WebApplication/yii/framework/base/CModule.php(387): CDbConnection->init()
#3 /Users/chanchal/WebApplication/yii/framework/base/CModule.php(103): CModule->getComponent('db')
#4 /Users/chanchal/WebApplication/yii/framework/gii/generators/crud/CrudCode.php(44): CModule->__get('db')
#5 /Users/chanchal/WebApplication/yii/framework/web/CFormModel.php(39): CrudCode->init()
#6 /Users/chanchal/WebApplication/yii/framework/gii/CCodeGenerator.php(153): CFormModel->__construct()
#7 /Users/chanchal/WebApplication/yii/framework/gii/CCodeGenerator.php(63): CCodeGenerator->prepare()
#8 /Users/chanchal/WebApplication/yii/framework/web/actions/CInlineAction.php(49): CCodeGenerator->actionIndex()
#9 /Users/chanchal/WebApplication/yii/framework/web/CController.php(308): CInlineAction->runWithParams(Array)
#10 /Users/chanchal/WebApplication/yii/framework/web/CController.php(286): CController->runAction(Object(CInlineAction))
#11 /Users/chanchal/WebApplication/yii/framework/web/CController.php(265): CController->runActionWithFilters(Object(CInlineAction), Array)
#12 /Users/chanchal/WebApplication/yii/framework/web/CWebApplication.php(282): CController->run('index')
#13 /Users/chanchal/WebApplication/yii/framework/web/CWebApplication.php(141): CWebApplication->runController('gii/crud/index')
#14 /Users/chanchal/WebApplication/yii/framework/base/CApplication.php(180): CWebApplication->processRequest()
#15 /Applications/MAMP/htdocs/gotrack/index.php(13): CApplication->run()
#16 {main}
REQUEST_URI=/gotrack/index.php?r=gii/crud/index
HTTP_REFERER=http://localhost:8383/gotrack/index.php?r=gii
---
2014/05/28 08:40:28 [error] [exception.CDbException] exception 'CDbException' with message 'CDbConnection failed to open the DB connection: SQLSTATE[28000] [1045] Access denied for user 'gotrackAdmin'@'localhost' (using password: YES)' in /Users/chanchal/WebApplication/yii/framework/db/CDbConnection.php:382
Stack trace:
#0 /Users/chanchal/WebApplication/yii/framework/db/CDbConnection.php(330): CDbConnection->open()
#1 /Users/chanchal/WebApplication/yii/framework/db/CDbConnection.php(308): CDbConnection->setActive(true)
#2 /Users/chanchal/WebApplication/yii/framework/base/CModule.php(387): CDbConnection->init()
#3 /Users/chanchal/WebApplication/yii/framework/base/CModule.php(103): CModule->getComponent('db')
#4 /Users/chanchal/WebApplication/yii/framework/gii/generators/model/ModelCode.php(60): CModule->__get('db')
#5 /Users/chanchal/WebApplication/yii/framework/web/CFormModel.php(39): ModelCode->init()
#6 /Users/chanchal/WebApplication/yii/framework/gii/CCodeGenerator.php(153): CFormModel->__construct()
#7 /Users/chanchal/WebApplication/yii/framework/gii/CCodeGenerator.php(63): CCodeGenerator->prepare()
#8 /Users/chanchal/WebApplication/yii/framework/web/actions/CInlineAction.php(49): CCodeGenerator->actionIndex()
#9 /Users/chanchal/WebApplication/yii/framework/web/CController.php(308): CInlineAction->runWithParams(Array)
#10 /Users/chanchal/WebApplication/yii/framework/web/CController.php(286): CController->runAction(Object(CInlineAction))
#11 /Users/chanchal/WebApplication/yii/framework/web/CController.php(265): CController->runActionWithFilters(Object(CInlineAction), Array)
#12 /Users/chanchal/WebApplication/yii/framework/web/CWebApplication.php(282): CController->run('index')
#13 /Users/chanchal/WebApplication/yii/framework/web/CWebApplication.php(141): CWebApplication->runController('gii/model/index')
#14 /Users/chanchal/WebApplication/yii/framework/base/CApplication.php(180): CWebApplication->processRequest()
#15 /Applications/MAMP/htdocs/gotrack/index.php(13): CApplication->run()
#16 {main}
REQUEST_URI=/gotrack/index.php?r=gii/model/index
HTTP_REFERER=http://localhost:8383/gotrack/index.php?r=gii/default/index
---
2014/05/28 08:41:14 [error] [exception.CDbException] exception 'CDbException' with message 'CDbConnection failed to open the DB connection: SQLSTATE[28000] [1045] Access denied for user 'gotrackAdmin'@'localhost' (using password: YES)' in /Users/chanchal/WebApplication/yii/framework/db/CDbConnection.php:382
Stack trace:
#0 /Users/chanchal/WebApplication/yii/framework/db/CDbConnection.php(330): CDbConnection->open()
#1 /Users/chanchal/WebApplication/yii/framework/db/CDbConnection.php(308): CDbConnection->setActive(true)
#2 /Users/chanchal/WebApplication/yii/framework/base/CModule.php(387): CDbConnection->init()
#3 /Users/chanchal/WebApplication/yii/framework/base/CModule.php(103): CModule->getComponent('db')
#4 /Users/chanchal/WebApplication/yii/framework/gii/generators/model/ModelCode.php(60): CModule->__get('db')
#5 /Users/chanchal/WebApplication/yii/framework/web/CFormModel.php(39): ModelCode->init()
#6 /Users/chanchal/WebApplication/yii/framework/gii/CCodeGenerator.php(153): CFormModel->__construct()
#7 /Users/chanchal/WebApplication/yii/framework/gii/CCodeGenerator.php(63): CCodeGenerator->prepare()
#8 /Users/chanchal/WebApplication/yii/framework/web/actions/CInlineAction.php(49): CCodeGenerator->actionIndex()
#9 /Users/chanchal/WebApplication/yii/framework/web/CController.php(308): CInlineAction->runWithParams(Array)
#10 /Users/chanchal/WebApplication/yii/framework/web/CController.php(286): CController->runAction(Object(CInlineAction))
#11 /Users/chanchal/WebApplication/yii/framework/web/CController.php(265): CController->runActionWithFilters(Object(CInlineAction), Array)
#12 /Users/chanchal/WebApplication/yii/framework/web/CWebApplication.php(282): CController->run('index')
#13 /Users/chanchal/WebApplication/yii/framework/web/CWebApplication.php(141): CWebApplication->runController('gii/model/index')
#14 /Users/chanchal/WebApplication/yii/framework/base/CApplication.php(180): CWebApplication->processRequest()
#15 /Applications/MAMP/htdocs/gotrack/index.php(13): CApplication->run()
#16 {main}
REQUEST_URI=/gotrack/index.php?r=gii/model/index
HTTP_REFERER=http://localhost:8383/gotrack/index.php?r=gii/default/index
---
2014/05/28 08:41:17 [error] [exception.CDbException] exception 'CDbException' with message 'CDbConnection failed to open the DB connection: SQLSTATE[28000] [1045] Access denied for user 'gotrackAdmin'@'localhost' (using password: YES)' in /Users/chanchal/WebApplication/yii/framework/db/CDbConnection.php:382
Stack trace:
#0 /Users/chanchal/WebApplication/yii/framework/db/CDbConnection.php(330): CDbConnection->open()
#1 /Users/chanchal/WebApplication/yii/framework/db/CDbConnection.php(308): CDbConnection->setActive(true)
#2 /Users/chanchal/WebApplication/yii/framework/base/CModule.php(387): CDbConnection->init()
#3 /Users/chanchal/WebApplication/yii/framework/base/CModule.php(103): CModule->getComponent('db')
#4 /Users/chanchal/WebApplication/yii/framework/gii/generators/model/ModelCode.php(60): CModule->__get('db')
#5 /Users/chanchal/WebApplication/yii/framework/web/CFormModel.php(39): ModelCode->init()
#6 /Users/chanchal/WebApplication/yii/framework/gii/CCodeGenerator.php(153): CFormModel->__construct()
#7 /Users/chanchal/WebApplication/yii/framework/gii/CCodeGenerator.php(63): CCodeGenerator->prepare()
#8 /Users/chanchal/WebApplication/yii/framework/web/actions/CInlineAction.php(49): CCodeGenerator->actionIndex()
#9 /Users/chanchal/WebApplication/yii/framework/web/CController.php(308): CInlineAction->runWithParams(Array)
#10 /Users/chanchal/WebApplication/yii/framework/web/CController.php(286): CController->runAction(Object(CInlineAction))
#11 /Users/chanchal/WebApplication/yii/framework/web/CController.php(265): CController->runActionWithFilters(Object(CInlineAction), Array)
#12 /Users/chanchal/WebApplication/yii/framework/web/CWebApplication.php(282): CController->run('index')
#13 /Users/chanchal/WebApplication/yii/framework/web/CWebApplication.php(141): CWebApplication->runController('gii/model/index')
#14 /Users/chanchal/WebApplication/yii/framework/base/CApplication.php(180): CWebApplication->processRequest()
#15 /Applications/MAMP/htdocs/gotrack/index.php(13): CApplication->run()
#16 {main}
REQUEST_URI=/gotrack/index.php?r=gii/model/index
HTTP_REFERER=http://localhost:8383/gotrack/index.php?r=gii/default/index
---
2014/05/28 08:41:58 [error] [exception.CDbException] exception 'CDbException' with message 'CDbConnection failed to open the DB connection: SQLSTATE[HY000] [2005] Unknown MySQL server host 'localhost:8383' (2)' in /Users/chanchal/WebApplication/yii/framework/db/CDbConnection.php:382
Stack trace:
#0 /Users/chanchal/WebApplication/yii/framework/db/CDbConnection.php(330): CDbConnection->open()
#1 /Users/chanchal/WebApplication/yii/framework/db/CDbConnection.php(308): CDbConnection->setActive(true)
#2 /Users/chanchal/WebApplication/yii/framework/base/CModule.php(387): CDbConnection->init()
#3 /Users/chanchal/WebApplication/yii/framework/base/CModule.php(103): CModule->getComponent('db')
#4 /Users/chanchal/WebApplication/yii/framework/gii/generators/model/ModelCode.php(60): CModule->__get('db')
#5 /Users/chanchal/WebApplication/yii/framework/web/CFormModel.php(39): ModelCode->init()
#6 /Users/chanchal/WebApplication/yii/framework/gii/CCodeGenerator.php(153): CFormModel->__construct()
#7 /Users/chanchal/WebApplication/yii/framework/gii/CCodeGenerator.php(63): CCodeGenerator->prepare()
#8 /Users/chanchal/WebApplication/yii/framework/web/actions/CInlineAction.php(49): CCodeGenerator->actionIndex()
#9 /Users/chanchal/WebApplication/yii/framework/web/CController.php(308): CInlineAction->runWithParams(Array)
#10 /Users/chanchal/WebApplication/yii/framework/web/CController.php(286): CController->runAction(Object(CInlineAction))
#11 /Users/chanchal/WebApplication/yii/framework/web/CController.php(265): CController->runActionWithFilters(Object(CInlineAction), Array)
#12 /Users/chanchal/WebApplication/yii/framework/web/CWebApplication.php(282): CController->run('index')
#13 /Users/chanchal/WebApplication/yii/framework/web/CWebApplication.php(141): CWebApplication->runController('gii/model/index')
#14 /Users/chanchal/WebApplication/yii/framework/base/CApplication.php(180): CWebApplication->processRequest()
#15 /Applications/MAMP/htdocs/gotrack/index.php(13): CApplication->run()
#16 {main}
REQUEST_URI=/gotrack/index.php?r=gii/model/index
HTTP_REFERER=http://localhost:8383/gotrack/index.php?r=gii/default/index
---
2014/05/28 08:42:48 [error] [exception.CDbException] exception 'CDbException' with message 'CDbConnection failed to open the DB connection: SQLSTATE[HY000] [2005] Unknown MySQL server host 'localhost:8888' (2)' in /Users/chanchal/WebApplication/yii/framework/db/CDbConnection.php:382
Stack trace:
#0 /Users/chanchal/WebApplication/yii/framework/db/CDbConnection.php(330): CDbConnection->open()
#1 /Users/chanchal/WebApplication/yii/framework/db/CDbConnection.php(308): CDbConnection->setActive(true)
#2 /Users/chanchal/WebApplication/yii/framework/base/CModule.php(387): CDbConnection->init()
#3 /Users/chanchal/WebApplication/yii/framework/base/CModule.php(103): CModule->getComponent('db')
#4 /Users/chanchal/WebApplication/yii/framework/gii/generators/model/ModelCode.php(60): CModule->__get('db')
#5 /Users/chanchal/WebApplication/yii/framework/web/CFormModel.php(39): ModelCode->init()
#6 /Users/chanchal/WebApplication/yii/framework/gii/CCodeGenerator.php(153): CFormModel->__construct()
#7 /Users/chanchal/WebApplication/yii/framework/gii/CCodeGenerator.php(63): CCodeGenerator->prepare()
#8 /Users/chanchal/WebApplication/yii/framework/web/actions/CInlineAction.php(49): CCodeGenerator->actionIndex()
#9 /Users/chanchal/WebApplication/yii/framework/web/CController.php(308): CInlineAction->runWithParams(Array)
#10 /Users/chanchal/WebApplication/yii/framework/web/CController.php(286): CController->runAction(Object(CInlineAction))
#11 /Users/chanchal/WebApplication/yii/framework/web/CController.php(265): CController->runActionWithFilters(Object(CInlineAction), Array)
#12 /Users/chanchal/WebApplication/yii/framework/web/CWebApplication.php(282): CController->run('index')
#13 /Users/chanchal/WebApplication/yii/framework/web/CWebApplication.php(141): CWebApplication->runController('gii/model/index')
#14 /Users/chanchal/WebApplication/yii/framework/base/CApplication.php(180): CWebApplication->processRequest()
#15 /Applications/MAMP/htdocs/gotrack/index.php(13): CApplication->run()
#16 {main}
REQUEST_URI=/gotrack/index.php?r=gii/model/index
HTTP_REFERER=http://localhost:8383/gotrack/index.php?r=gii/default/index
---
2014/05/28 08:42:53 [error] [exception.CDbException] exception 'CDbException' with message 'CDbConnection failed to open the DB connection: SQLSTATE[HY000] [2005] Unknown MySQL server host 'localhost:8888' (2)' in /Users/chanchal/WebApplication/yii/framework/db/CDbConnection.php:382
Stack trace:
#0 /Users/chanchal/WebApplication/yii/framework/db/CDbConnection.php(330): CDbConnection->open()
#1 /Users/chanchal/WebApplication/yii/framework/db/CDbConnection.php(308): CDbConnection->setActive(true)
#2 /Users/chanchal/WebApplication/yii/framework/base/CModule.php(387): CDbConnection->init()
#3 /Users/chanchal/WebApplication/yii/framework/base/CModule.php(103): CModule->getComponent('db')
#4 /Users/chanchal/WebApplication/yii/framework/gii/generators/model/ModelCode.php(60): CModule->__get('db')
#5 /Users/chanchal/WebApplication/yii/framework/web/CFormModel.php(39): ModelCode->init()
#6 /Users/chanchal/WebApplication/yii/framework/gii/CCodeGenerator.php(153): CFormModel->__construct()
#7 /Users/chanchal/WebApplication/yii/framework/gii/CCodeGenerator.php(63): CCodeGenerator->prepare()
#8 /Users/chanchal/WebApplication/yii/framework/web/actions/CInlineAction.php(49): CCodeGenerator->actionIndex()
#9 /Users/chanchal/WebApplication/yii/framework/web/CController.php(308): CInlineAction->runWithParams(Array)
#10 /Users/chanchal/WebApplication/yii/framework/web/CController.php(286): CController->runAction(Object(CInlineAction))
#11 /Users/chanchal/WebApplication/yii/framework/web/CController.php(265): CController->runActionWithFilters(Object(CInlineAction), Array)
#12 /Users/chanchal/WebApplication/yii/framework/web/CWebApplication.php(282): CController->run('index')
#13 /Users/chanchal/WebApplication/yii/framework/web/CWebApplication.php(141): CWebApplication->runController('gii/model/index')
#14 /Users/chanchal/WebApplication/yii/framework/base/CApplication.php(180): CWebApplication->processRequest()
#15 /Applications/MAMP/htdocs/gotrack/index.php(13): CApplication->run()
#16 {main}
REQUEST_URI=/gotrack/index.php?r=gii/model/index
HTTP_REFERER=http://localhost:8383/gotrack/index.php?r=gii/default/index
---
2014/05/28 08:43:10 [error] [exception.CDbException] exception 'CDbException' with message 'CDbConnection failed to open the DB connection: SQLSTATE[HY000] [2005] Unknown MySQL server host 'localhost:8888' (2)' in /Users/chanchal/WebApplication/yii/framework/db/CDbConnection.php:382
Stack trace:
#0 /Users/chanchal/WebApplication/yii/framework/db/CDbConnection.php(330): CDbConnection->open()
#1 /Users/chanchal/WebApplication/yii/framework/db/CDbConnection.php(308): CDbConnection->setActive(true)
#2 /Users/chanchal/WebApplication/yii/framework/base/CModule.php(387): CDbConnection->init()
#3 /Users/chanchal/WebApplication/yii/framework/base/CModule.php(103): CModule->getComponent('db')
#4 /Users/chanchal/WebApplication/yii/framework/gii/generators/model/ModelCode.php(60): CModule->__get('db')
#5 /Users/chanchal/WebApplication/yii/framework/web/CFormModel.php(39): ModelCode->init()
#6 /Users/chanchal/WebApplication/yii/framework/gii/CCodeGenerator.php(153): CFormModel->__construct()
#7 /Users/chanchal/WebApplication/yii/framework/gii/CCodeGenerator.php(63): CCodeGenerator->prepare()
#8 /Users/chanchal/WebApplication/yii/framework/web/actions/CInlineAction.php(49): CCodeGenerator->actionIndex()
#9 /Users/chanchal/WebApplication/yii/framework/web/CController.php(308): CInlineAction->runWithParams(Array)
#10 /Users/chanchal/WebApplication/yii/framework/web/CController.php(286): CController->runAction(Object(CInlineAction))
#11 /Users/chanchal/WebApplication/yii/framework/web/CController.php(265): CController->runActionWithFilters(Object(CInlineAction), Array)
#12 /Users/chanchal/WebApplication/yii/framework/web/CWebApplication.php(282): CController->run('index')
#13 /Users/chanchal/WebApplication/yii/framework/web/CWebApplication.php(141): CWebApplication->runController('gii/model/index')
#14 /Users/chanchal/WebApplication/yii/framework/base/CApplication.php(180): CWebApplication->processRequest()
#15 /Applications/MAMP/htdocs/gotrack/index.php(13): CApplication->run()
#16 {main}
REQUEST_URI=/gotrack/index.php?r=gii/model/index
HTTP_REFERER=http://localhost:8383/gotrack/index.php?r=gii/default/index
---
2014/05/28 08:43:11 [error] [exception.CDbException] exception 'CDbException' with message 'CDbConnection failed to open the DB connection: SQLSTATE[HY000] [2005] Unknown MySQL server host 'localhost:8888' (2)' in /Users/chanchal/WebApplication/yii/framework/db/CDbConnection.php:382
Stack trace:
#0 /Users/chanchal/WebApplication/yii/framework/db/CDbConnection.php(330): CDbConnection->open()
#1 /Users/chanchal/WebApplication/yii/framework/db/CDbConnection.php(308): CDbConnection->setActive(true)
#2 /Users/chanchal/WebApplication/yii/framework/base/CModule.php(387): CDbConnection->init()
#3 /Users/chanchal/WebApplication/yii/framework/base/CModule.php(103): CModule->getComponent('db')
#4 /Users/chanchal/WebApplication/yii/framework/gii/generators/model/ModelCode.php(60): CModule->__get('db')
#5 /Users/chanchal/WebApplication/yii/framework/web/CFormModel.php(39): ModelCode->init()
#6 /Users/chanchal/WebApplication/yii/framework/gii/CCodeGenerator.php(153): CFormModel->__construct()
#7 /Users/chanchal/WebApplication/yii/framework/gii/CCodeGenerator.php(63): CCodeGenerator->prepare()
#8 /Users/chanchal/WebApplication/yii/framework/web/actions/CInlineAction.php(49): CCodeGenerator->actionIndex()
#9 /Users/chanchal/WebApplication/yii/framework/web/CController.php(308): CInlineAction->runWithParams(Array)
#10 /Users/chanchal/WebApplication/yii/framework/web/CController.php(286): CController->runAction(Object(CInlineAction))
#11 /Users/chanchal/WebApplication/yii/framework/web/CController.php(265): CController->runActionWithFilters(Object(CInlineAction), Array)
#12 /Users/chanchal/WebApplication/yii/framework/web/CWebApplication.php(282): CController->run('index')
#13 /Users/chanchal/WebApplication/yii/framework/web/CWebApplication.php(141): CWebApplication->runController('gii/model/index')
#14 /Users/chanchal/WebApplication/yii/framework/base/CApplication.php(180): CWebApplication->processRequest()
#15 /Applications/MAMP/htdocs/gotrack/index.php(13): CApplication->run()
#16 {main}
REQUEST_URI=/gotrack/index.php?r=gii/model/index
---
2014/05/28 08:43:17 [error] [exception.CDbException] exception 'CDbException' with message 'CDbConnection failed to open the DB connection: SQLSTATE[HY000] [2005] Unknown MySQL server host 'localhost:8888' (2)' in /Users/chanchal/WebApplication/yii/framework/db/CDbConnection.php:382
Stack trace:
#0 /Users/chanchal/WebApplication/yii/framework/db/CDbConnection.php(330): CDbConnection->open()
#1 /Users/chanchal/WebApplication/yii/framework/db/CDbConnection.php(308): CDbConnection->setActive(true)
#2 /Users/chanchal/WebApplication/yii/framework/base/CModule.php(387): CDbConnection->init()
#3 /Users/chanchal/WebApplication/yii/framework/base/CModule.php(103): CModule->getComponent('db')
#4 /Users/chanchal/WebApplication/yii/framework/gii/generators/model/ModelCode.php(60): CModule->__get('db')
#5 /Users/chanchal/WebApplication/yii/framework/web/CFormModel.php(39): ModelCode->init()
#6 /Users/chanchal/WebApplication/yii/framework/gii/CCodeGenerator.php(153): CFormModel->__construct()
#7 /Users/chanchal/WebApplication/yii/framework/gii/CCodeGenerator.php(63): CCodeGenerator->prepare()
#8 /Users/chanchal/WebApplication/yii/framework/web/actions/CInlineAction.php(49): CCodeGenerator->actionIndex()
#9 /Users/chanchal/WebApplication/yii/framework/web/CController.php(308): CInlineAction->runWithParams(Array)
#10 /Users/chanchal/WebApplication/yii/framework/web/CController.php(286): CController->runAction(Object(CInlineAction))
#11 /Users/chanchal/WebApplication/yii/framework/web/CController.php(265): CController->runActionWithFilters(Object(CInlineAction), Array)
#12 /Users/chanchal/WebApplication/yii/framework/web/CWebApplication.php(282): CController->run('index')
#13 /Users/chanchal/WebApplication/yii/framework/web/CWebApplication.php(141): CWebApplication->runController('gii/model/index')
#14 /Users/chanchal/WebApplication/yii/framework/base/CApplication.php(180): CWebApplication->processRequest()
#15 /Applications/MAMP/htdocs/gotrack/index.php(13): CApplication->run()
#16 {main}
REQUEST_URI=/gotrack/index.php?r=gii/model/index
HTTP_REFERER=http://localhost:8383/gotrack/index.php?r=gii
---
2014/05/28 08:43:32 [error] [exception.CDbException] exception 'CDbException' with message 'CDbConnection failed to open the DB connection: SQLSTATE[HY000] [2005] Unknown MySQL server host 'localhost:8888' (2)' in /Users/chanchal/WebApplication/yii/framework/db/CDbConnection.php:382
Stack trace:
#0 /Users/chanchal/WebApplication/yii/framework/db/CDbConnection.php(330): CDbConnection->open()
#1 /Users/chanchal/WebApplication/yii/framework/db/CDbConnection.php(308): CDbConnection->setActive(true)
#2 /Users/chanchal/WebApplication/yii/framework/base/CModule.php(387): CDbConnection->init()
#3 /Users/chanchal/WebApplication/yii/framework/base/CModule.php(103): CModule->getComponent('db')
#4 /Users/chanchal/WebApplication/yii/framework/gii/generators/model/ModelCode.php(60): CModule->__get('db')
#5 /Users/chanchal/WebApplication/yii/framework/web/CFormModel.php(39): ModelCode->init()
#6 /Users/chanchal/WebApplication/yii/framework/gii/CCodeGenerator.php(153): CFormModel->__construct()
#7 /Users/chanchal/WebApplication/yii/framework/gii/CCodeGenerator.php(63): CCodeGenerator->prepare()
#8 /Users/chanchal/WebApplication/yii/framework/web/actions/CInlineAction.php(49): CCodeGenerator->actionIndex()
#9 /Users/chanchal/WebApplication/yii/framework/web/CController.php(308): CInlineAction->runWithParams(Array)
#10 /Users/chanchal/WebApplication/yii/framework/web/CController.php(286): CController->runAction(Object(CInlineAction))
#11 /Users/chanchal/WebApplication/yii/framework/web/CController.php(265): CController->runActionWithFilters(Object(CInlineAction), Array)
#12 /Users/chanchal/WebApplication/yii/framework/web/CWebApplication.php(282): CController->run('index')
#13 /Users/chanchal/WebApplication/yii/framework/web/CWebApplication.php(141): CWebApplication->runController('gii/model/index')
#14 /Users/chanchal/WebApplication/yii/framework/base/CApplication.php(180): CWebApplication->processRequest()
#15 /Applications/MAMP/htdocs/gotrack/index.php(13): CApplication->run()
#16 {main}
REQUEST_URI=/gotrack/index.php?r=gii/model/index
HTTP_REFERER=http://localhost:8383/gotrack/index.php?r=gii
---
2014/05/28 08:45:36 [error] [exception.CDbException] exception 'CDbException' with message 'CDbConnection failed to open the DB connection: SQLSTATE[28000] [1045] Access denied for user 'gotrackAdmin'@'localhost' (using password: YES)' in /Users/chanchal/WebApplication/yii/framework/db/CDbConnection.php:382
Stack trace:
#0 /Users/chanchal/WebApplication/yii/framework/db/CDbConnection.php(330): CDbConnection->open()
#1 /Users/chanchal/WebApplication/yii/framework/db/CDbConnection.php(308): CDbConnection->setActive(true)
#2 /Users/chanchal/WebApplication/yii/framework/base/CModule.php(387): CDbConnection->init()
#3 /Users/chanchal/WebApplication/yii/framework/base/CModule.php(103): CModule->getComponent('db')
#4 /Users/chanchal/WebApplication/yii/framework/gii/generators/model/ModelCode.php(60): CModule->__get('db')
#5 /Users/chanchal/WebApplication/yii/framework/web/CFormModel.php(39): ModelCode->init()
#6 /Users/chanchal/WebApplication/yii/framework/gii/CCodeGenerator.php(153): CFormModel->__construct()
#7 /Users/chanchal/WebApplication/yii/framework/gii/CCodeGenerator.php(63): CCodeGenerator->prepare()
#8 /Users/chanchal/WebApplication/yii/framework/web/actions/CInlineAction.php(49): CCodeGenerator->actionIndex()
#9 /Users/chanchal/WebApplication/yii/framework/web/CController.php(308): CInlineAction->runWithParams(Array)
#10 /Users/chanchal/WebApplication/yii/framework/web/CController.php(286): CController->runAction(Object(CInlineAction))
#11 /Users/chanchal/WebApplication/yii/framework/web/CController.php(265): CController->runActionWithFilters(Object(CInlineAction), Array)
#12 /Users/chanchal/WebApplication/yii/framework/web/CWebApplication.php(282): CController->run('index')
#13 /Users/chanchal/WebApplication/yii/framework/web/CWebApplication.php(141): CWebApplication->runController('gii/model/index')
#14 /Users/chanchal/WebApplication/yii/framework/base/CApplication.php(180): CWebApplication->processRequest()
#15 /Applications/MAMP/htdocs/gotrack/index.php(13): CApplication->run()
#16 {main}
REQUEST_URI=/gotrack/index.php?r=gii/model/index
HTTP_REFERER=http://localhost:8383/gotrack/index.php?r=gii
---
2014/05/28 08:45:50 [error] [exception.CDbException] exception 'CDbException' with message 'CDbConnection failed to open the DB connection: SQLSTATE[28000] [1045] Access denied for user 'gotrackAdmin'@'localhost' (using password: YES)' in /Users/chanchal/WebApplication/yii/framework/db/CDbConnection.php:382
Stack trace:
#0 /Users/chanchal/WebApplication/yii/framework/db/CDbConnection.php(330): CDbConnection->open()
#1 /Users/chanchal/WebApplication/yii/framework/db/CDbConnection.php(308): CDbConnection->setActive(true)
#2 /Users/chanchal/WebApplication/yii/framework/base/CModule.php(387): CDbConnection->init()
#3 /Users/chanchal/WebApplication/yii/framework/base/CModule.php(103): CModule->getComponent('db')
#4 /Users/chanchal/WebApplication/yii/framework/gii/generators/model/ModelCode.php(60): CModule->__get('db')
#5 /Users/chanchal/WebApplication/yii/framework/web/CFormModel.php(39): ModelCode->init()
#6 /Users/chanchal/WebApplication/yii/framework/gii/CCodeGenerator.php(153): CFormModel->__construct()
#7 /Users/chanchal/WebApplication/yii/framework/gii/CCodeGenerator.php(63): CCodeGenerator->prepare()
#8 /Users/chanchal/WebApplication/yii/framework/web/actions/CInlineAction.php(49): CCodeGenerator->actionIndex()
#9 /Users/chanchal/WebApplication/yii/framework/web/CController.php(308): CInlineAction->runWithParams(Array)
#10 /Users/chanchal/WebApplication/yii/framework/web/CController.php(286): CController->runAction(Object(CInlineAction))
#11 /Users/chanchal/WebApplication/yii/framework/web/CController.php(265): CController->runActionWithFilters(Object(CInlineAction), Array)
#12 /Users/chanchal/WebApplication/yii/framework/web/CWebApplication.php(282): CController->run('index')
#13 /Users/chanchal/WebApplication/yii/framework/web/CWebApplication.php(141): CWebApplication->runController('gii/model/index')
#14 /Users/chanchal/WebApplication/yii/framework/base/CApplication.php(180): CWebApplication->processRequest()
#15 /Applications/MAMP/htdocs/gotrack/index.php(13): CApplication->run()
#16 {main}
REQUEST_URI=/gotrack/index.php?r=gii/model/index
HTTP_REFERER=http://localhost:8383/gotrack/index.php?r=gii
---
2014/05/28 08:45:53 [error] [exception.CDbException] exception 'CDbException' with message 'CDbConnection failed to open the DB connection: SQLSTATE[28000] [1045] Access denied for user 'gotrackAdmin'@'localhost' (using password: YES)' in /Users/chanchal/WebApplication/yii/framework/db/CDbConnection.php:382
Stack trace:
#0 /Users/chanchal/WebApplication/yii/framework/db/CDbConnection.php(330): CDbConnection->open()
#1 /Users/chanchal/WebApplication/yii/framework/db/CDbConnection.php(308): CDbConnection->setActive(true)
#2 /Users/chanchal/WebApplication/yii/framework/base/CModule.php(387): CDbConnection->init()
#3 /Users/chanchal/WebApplication/yii/framework/base/CModule.php(103): CModule->getComponent('db')
#4 /Users/chanchal/WebApplication/yii/framework/gii/generators/model/ModelCode.php(60): CModule->__get('db')
#5 /Users/chanchal/WebApplication/yii/framework/web/CFormModel.php(39): ModelCode->init()
#6 /Users/chanchal/WebApplication/yii/framework/gii/CCodeGenerator.php(153): CFormModel->__construct()
#7 /Users/chanchal/WebApplication/yii/framework/gii/CCodeGenerator.php(63): CCodeGenerator->prepare()
#8 /Users/chanchal/WebApplication/yii/framework/web/actions/CInlineAction.php(49): CCodeGenerator->actionIndex()
#9 /Users/chanchal/WebApplication/yii/framework/web/CController.php(308): CInlineAction->runWithParams(Array)
#10 /Users/chanchal/WebApplication/yii/framework/web/CController.php(286): CController->runAction(Object(CInlineAction))
#11 /Users/chanchal/WebApplication/yii/framework/web/CController.php(265): CController->runActionWithFilters(Object(CInlineAction), Array)
#12 /Users/chanchal/WebApplication/yii/framework/web/CWebApplication.php(282): CController->run('index')
#13 /Users/chanchal/WebApplication/yii/framework/web/CWebApplication.php(141): CWebApplication->runController('gii/model/index')
#14 /Users/chanchal/WebApplication/yii/framework/base/CApplication.php(180): CWebApplication->processRequest()
#15 /Applications/MAMP/htdocs/gotrack/index.php(13): CApplication->run()
#16 {main}
REQUEST_URI=/gotrack/index.php?r=gii/model/index
HTTP_REFERER=http://localhost:8383/gotrack/index.php?r=gii
---
2014/05/28 08:45:58 [error] [exception.CDbException] exception 'CDbException' with message 'CDbConnection failed to open the DB connection: SQLSTATE[28000] [1045] Access denied for user 'gotrackAdmin'@'localhost' (using password: YES)' in /Users/chanchal/WebApplication/yii/framework/db/CDbConnection.php:382
Stack trace:
#0 /Users/chanchal/WebApplication/yii/framework/db/CDbConnection.php(330): CDbConnection->open()
#1 /Users/chanchal/WebApplication/yii/framework/db/CDbConnection.php(308): CDbConnection->setActive(true)
#2 /Users/chanchal/WebApplication/yii/framework/base/CModule.php(387): CDbConnection->init()
#3 /Users/chanchal/WebApplication/yii/framework/base/CModule.php(103): CModule->getComponent('db')
#4 /Users/chanchal/WebApplication/yii/framework/gii/generators/crud/CrudCode.php(44): CModule->__get('db')
#5 /Users/chanchal/WebApplication/yii/framework/web/CFormModel.php(39): CrudCode->init()
#6 /Users/chanchal/WebApplication/yii/framework/gii/CCodeGenerator.php(153): CFormModel->__construct()
#7 /Users/chanchal/WebApplication/yii/framework/gii/CCodeGenerator.php(63): CCodeGenerator->prepare()
#8 /Users/chanchal/WebApplication/yii/framework/web/actions/CInlineAction.php(49): CCodeGenerator->actionIndex()
#9 /Users/chanchal/WebApplication/yii/framework/web/CController.php(308): CInlineAction->runWithParams(Array)
#10 /Users/chanchal/WebApplication/yii/framework/web/CController.php(286): CController->runAction(Object(CInlineAction))
#11 /Users/chanchal/WebApplication/yii/framework/web/CController.php(265): CController->runActionWithFilters(Object(CInlineAction), Array)
#12 /Users/chanchal/WebApplication/yii/framework/web/CWebApplication.php(282): CController->run('index')
#13 /Users/chanchal/WebApplication/yii/framework/web/CWebApplication.php(141): CWebApplication->runController('gii/crud/index')
#14 /Users/chanchal/WebApplication/yii/framework/base/CApplication.php(180): CWebApplication->processRequest()
#15 /Applications/MAMP/htdocs/gotrack/index.php(13): CApplication->run()
#16 {main}
REQUEST_URI=/gotrack/index.php?r=gii/crud/index
HTTP_REFERER=http://localhost:8383/gotrack/index.php?r=gii
---
2014/05/28 08:46:05 [error] [exception.CDbException] exception 'CDbException' with message 'CDbConnection failed to open the DB connection: SQLSTATE[28000] [1045] Access denied for user 'gotrackAdmin'@'localhost' (using password: YES)' in /Users/chanchal/WebApplication/yii/framework/db/CDbConnection.php:382
Stack trace:
#0 /Users/chanchal/WebApplication/yii/framework/db/CDbConnection.php(330): CDbConnection->open()
#1 /Users/chanchal/WebApplication/yii/framework/db/CDbConnection.php(308): CDbConnection->setActive(true)
#2 /Users/chanchal/WebApplication/yii/framework/base/CModule.php(387): CDbConnection->init()
#3 /Users/chanchal/WebApplication/yii/framework/base/CModule.php(103): CModule->getComponent('db')
#4 /Users/chanchal/WebApplication/yii/framework/gii/generators/model/ModelCode.php(60): CModule->__get('db')
#5 /Users/chanchal/WebApplication/yii/framework/web/CFormModel.php(39): ModelCode->init()
#6 /Users/chanchal/WebApplication/yii/framework/gii/CCodeGenerator.php(153): CFormModel->__construct()
#7 /Users/chanchal/WebApplication/yii/framework/gii/CCodeGenerator.php(63): CCodeGenerator->prepare()
#8 /Users/chanchal/WebApplication/yii/framework/web/actions/CInlineAction.php(49): CCodeGenerator->actionIndex()
#9 /Users/chanchal/WebApplication/yii/framework/web/CController.php(308): CInlineAction->runWithParams(Array)
#10 /Users/chanchal/WebApplication/yii/framework/web/CController.php(286): CController->runAction(Object(CInlineAction))
#11 /Users/chanchal/WebApplication/yii/framework/web/CController.php(265): CController->runActionWithFilters(Object(CInlineAction), Array)
#12 /Users/chanchal/WebApplication/yii/framework/web/CWebApplication.php(282): CController->run('index')
#13 /Users/chanchal/WebApplication/yii/framework/web/CWebApplication.php(141): CWebApplication->runController('gii/model/index')
#14 /Users/chanchal/WebApplication/yii/framework/base/CApplication.php(180): CWebApplication->processRequest()
#15 /Applications/MAMP/htdocs/gotrack/index.php(13): CApplication->run()
#16 {main}
REQUEST_URI=/gotrack/index.php?r=gii/model/index
HTTP_REFERER=http://localhost:8383/gotrack/index.php?r=gii
---
2014/05/28 08:52:14 [error] [exception.CDbException] exception 'CDbException' with message 'CDbConnection failed to open the DB connection: SQLSTATE[28000] [1045] Access denied for user 'gotrackAdmin'@'localhost' (using password: YES)' in /Users/chanchal/WebApplication/yii/framework/db/CDbConnection.php:382
Stack trace:
#0 /Users/chanchal/WebApplication/yii/framework/db/CDbConnection.php(330): CDbConnection->open()
#1 /Users/chanchal/WebApplication/yii/framework/db/CDbConnection.php(308): CDbConnection->setActive(true)
#2 /Users/chanchal/WebApplication/yii/framework/base/CModule.php(387): CDbConnection->init()
#3 /Users/chanchal/WebApplication/yii/framework/base/CModule.php(103): CModule->getComponent('db')
#4 /Users/chanchal/WebApplication/yii/framework/gii/generators/model/ModelCode.php(60): CModule->__get('db')
#5 /Users/chanchal/WebApplication/yii/framework/web/CFormModel.php(39): ModelCode->init()
#6 /Users/chanchal/WebApplication/yii/framework/gii/CCodeGenerator.php(153): CFormModel->__construct()
#7 /Users/chanchal/WebApplication/yii/framework/gii/CCodeGenerator.php(63): CCodeGenerator->prepare()
#8 /Users/chanchal/WebApplication/yii/framework/web/actions/CInlineAction.php(49): CCodeGenerator->actionIndex()
#9 /Users/chanchal/WebApplication/yii/framework/web/CController.php(308): CInlineAction->runWithParams(Array)
#10 /Users/chanchal/WebApplication/yii/framework/web/CController.php(286): CController->runAction(Object(CInlineAction))
#11 /Users/chanchal/WebApplication/yii/framework/web/CController.php(265): CController->runActionWithFilters(Object(CInlineAction), Array)
#12 /Users/chanchal/WebApplication/yii/framework/web/CWebApplication.php(282): CController->run('index')
#13 /Users/chanchal/WebApplication/yii/framework/web/CWebApplication.php(141): CWebApplication->runController('gii/model/index')
#14 /Users/chanchal/WebApplication/yii/framework/base/CApplication.php(180): CWebApplication->processRequest()
#15 /Applications/MAMP/htdocs/gotrack/index.php(13): CApplication->run()
#16 {main}
REQUEST_URI=/gotrack/index.php?r=gii/model/index
HTTP_REFERER=http://localhost:8383/gotrack/index.php?r=gii
---
2014/05/28 08:52:17 [error] [exception.CDbException] exception 'CDbException' with message 'CDbConnection failed to open the DB connection: SQLSTATE[28000] [1045] Access denied for user 'gotrackAdmin'@'localhost' (using password: YES)' in /Users/chanchal/WebApplication/yii/framework/db/CDbConnection.php:382
Stack trace:
#0 /Users/chanchal/WebApplication/yii/framework/db/CDbConnection.php(330): CDbConnection->open()
#1 /Users/chanchal/WebApplication/yii/framework/db/CDbConnection.php(308): CDbConnection->setActive(true)
#2 /Users/chanchal/WebApplication/yii/framework/base/CModule.php(387): CDbConnection->init()
#3 /Users/chanchal/WebApplication/yii/framework/base/CModule.php(103): CModule->getComponent('db')
#4 /Users/chanchal/WebApplication/yii/framework/gii/generators/model/ModelCode.php(60): CModule->__get('db')
#5 /Users/chanchal/WebApplication/yii/framework/web/CFormModel.php(39): ModelCode->init()
#6 /Users/chanchal/WebApplication/yii/framework/gii/CCodeGenerator.php(153): CFormModel->__construct()
#7 /Users/chanchal/WebApplication/yii/framework/gii/CCodeGenerator.php(63): CCodeGenerator->prepare()
#8 /Users/chanchal/WebApplication/yii/framework/web/actions/CInlineAction.php(49): CCodeGenerator->actionIndex()
#9 /Users/chanchal/WebApplication/yii/framework/web/CController.php(308): CInlineAction->runWithParams(Array)
#10 /Users/chanchal/WebApplication/yii/framework/web/CController.php(286): CController->runAction(Object(CInlineAction))
#11 /Users/chanchal/WebApplication/yii/framework/web/CController.php(265): CController->runActionWithFilters(Object(CInlineAction), Array)
#12 /Users/chanchal/WebApplication/yii/framework/web/CWebApplication.php(282): CController->run('index')
#13 /Users/chanchal/WebApplication/yii/framework/web/CWebApplication.php(141): CWebApplication->runController('gii/model/index')
#14 /Users/chanchal/WebApplication/yii/framework/base/CApplication.php(180): CWebApplication->processRequest()
#15 /Applications/MAMP/htdocs/gotrack/index.php(13): CApplication->run()
#16 {main}
REQUEST_URI=/gotrack/index.php?r=gii/model/index
HTTP_REFERER=http://localhost:8383/gotrack/index.php?r=gii
---
2014/05/28 08:52:58 [error] [exception.CDbException] exception 'CDbException' with message 'CDbConnection failed to open the DB connection: SQLSTATE[28000] [1045] Access denied for user 'gotrackAdmin'@'localhost' (using password: YES)' in /Users/chanchal/WebApplication/yii/framework/db/CDbConnection.php:382
Stack trace:
#0 /Users/chanchal/WebApplication/yii/framework/db/CDbConnection.php(330): CDbConnection->open()
#1 /Users/chanchal/WebApplication/yii/framework/db/CDbConnection.php(308): CDbConnection->setActive(true)
#2 /Users/chanchal/WebApplication/yii/framework/base/CModule.php(387): CDbConnection->init()
#3 /Users/chanchal/WebApplication/yii/framework/base/CModule.php(103): CModule->getComponent('db')
#4 /Users/chanchal/WebApplication/yii/framework/gii/generators/model/ModelCode.php(60): CModule->__get('db')
#5 /Users/chanchal/WebApplication/yii/framework/web/CFormModel.php(39): ModelCode->init()
#6 /Users/chanchal/WebApplication/yii/framework/gii/CCodeGenerator.php(153): CFormModel->__construct()
#7 /Users/chanchal/WebApplication/yii/framework/gii/CCodeGenerator.php(63): CCodeGenerator->prepare()
#8 /Users/chanchal/WebApplication/yii/framework/web/actions/CInlineAction.php(49): CCodeGenerator->actionIndex()
#9 /Users/chanchal/WebApplication/yii/framework/web/CController.php(308): CInlineAction->runWithParams(Array)
#10 /Users/chanchal/WebApplication/yii/framework/web/CController.php(286): CController->runAction(Object(CInlineAction))
#11 /Users/chanchal/WebApplication/yii/framework/web/CController.php(265): CController->runActionWithFilters(Object(CInlineAction), Array)
#12 /Users/chanchal/WebApplication/yii/framework/web/CWebApplication.php(282): CController->run('index')
#13 /Users/chanchal/WebApplication/yii/framework/web/CWebApplication.php(141): CWebApplication->runController('gii/model/index')
#14 /Users/chanchal/WebApplication/yii/framework/base/CApplication.php(180): CWebApplication->processRequest()
#15 /Applications/MAMP/htdocs/gotrack/index.php(13): CApplication->run()
#16 {main}
REQUEST_URI=/gotrack/index.php?r=gii/model/index
HTTP_REFERER=http://localhost:8383/gotrack/index.php?r=gii
---
2014/05/28 08:54:04 [error] [exception.CDbException] exception 'CDbException' with message 'CDbConnection failed to open the DB connection: SQLSTATE[28000] [1045] Access denied for user 'gotrackAdmin'@'localhost' (using password: YES)' in /Users/chanchal/WebApplication/yii/framework/db/CDbConnection.php:382
Stack trace:
#0 /Users/chanchal/WebApplication/yii/framework/db/CDbConnection.php(330): CDbConnection->open()
#1 /Users/chanchal/WebApplication/yii/framework/db/CDbConnection.php(308): CDbConnection->setActive(true)
#2 /Users/chanchal/WebApplication/yii/framework/base/CModule.php(387): CDbConnection->init()
#3 /Users/chanchal/WebApplication/yii/framework/base/CModule.php(103): CModule->getComponent('db')
#4 /Users/chanchal/WebApplication/yii/framework/gii/generators/model/ModelCode.php(60): CModule->__get('db')
#5 /Users/chanchal/WebApplication/yii/framework/web/CFormModel.php(39): ModelCode->init()
#6 /Users/chanchal/WebApplication/yii/framework/gii/CCodeGenerator.php(153): CFormModel->__construct()
#7 /Users/chanchal/WebApplication/yii/framework/gii/CCodeGenerator.php(63): CCodeGenerator->prepare()
#8 /Users/chanchal/WebApplication/yii/framework/web/actions/CInlineAction.php(49): CCodeGenerator->actionIndex()
#9 /Users/chanchal/WebApplication/yii/framework/web/CController.php(308): CInlineAction->runWithParams(Array)
#10 /Users/chanchal/WebApplication/yii/framework/web/CController.php(286): CController->runAction(Object(CInlineAction))
#11 /Users/chanchal/WebApplication/yii/framework/web/CController.php(265): CController->runActionWithFilters(Object(CInlineAction), Array)
#12 /Users/chanchal/WebApplication/yii/framework/web/CWebApplication.php(282): CController->run('index')
#13 /Users/chanchal/WebApplication/yii/framework/web/CWebApplication.php(141): CWebApplication->runController('gii/model/index')
#14 /Users/chanchal/WebApplication/yii/framework/base/CApplication.php(180): CWebApplication->processRequest()
#15 /Applications/MAMP/htdocs/gotrack/index.php(13): CApplication->run()
#16 {main}
REQUEST_URI=/gotrack/index.php?r=gii/model/index
HTTP_REFERER=http://localhost:8383/gotrack/index.php?r=gii
---
2014/05/28 08:54:07 [error] [exception.CDbException] exception 'CDbException' with message 'CDbConnection failed to open the DB connection: SQLSTATE[28000] [1045] Access denied for user 'gotrackAdmin'@'localhost' (using password: YES)' in /Users/chanchal/WebApplication/yii/framework/db/CDbConnection.php:382
Stack trace:
#0 /Users/chanchal/WebApplication/yii/framework/db/CDbConnection.php(330): CDbConnection->open()
#1 /Users/chanchal/WebApplication/yii/framework/db/CDbConnection.php(308): CDbConnection->setActive(true)
#2 /Users/chanchal/WebApplication/yii/framework/base/CModule.php(387): CDbConnection->init()
#3 /Users/chanchal/WebApplication/yii/framework/base/CModule.php(103): CModule->getComponent('db')
#4 /Users/chanchal/WebApplication/yii/framework/gii/generators/model/ModelCode.php(60): CModule->__get('db')
#5 /Users/chanchal/WebApplication/yii/framework/web/CFormModel.php(39): ModelCode->init()
#6 /Users/chanchal/WebApplication/yii/framework/gii/CCodeGenerator.php(153): CFormModel->__construct()
#7 /Users/chanchal/WebApplication/yii/framework/gii/CCodeGenerator.php(63): CCodeGenerator->prepare()
#8 /Users/chanchal/WebApplication/yii/framework/web/actions/CInlineAction.php(49): CCodeGenerator->actionIndex()
#9 /Users/chanchal/WebApplication/yii/framework/web/CController.php(308): CInlineAction->runWithParams(Array)
#10 /Users/chanchal/WebApplication/yii/framework/web/CController.php(286): CController->runAction(Object(CInlineAction))
#11 /Users/chanchal/WebApplication/yii/framework/web/CController.php(265): CController->runActionWithFilters(Object(CInlineAction), Array)
#12 /Users/chanchal/WebApplication/yii/framework/web/CWebApplication.php(282): CController->run('index')
#13 /Users/chanchal/WebApplication/yii/framework/web/CWebApplication.php(141): CWebApplication->runController('gii/model/index')
#14 /Users/chanchal/WebApplication/yii/framework/base/CApplication.php(180): CWebApplication->processRequest()
#15 /Applications/MAMP/htdocs/gotrack/index.php(13): CApplication->run()
#16 {main}
REQUEST_URI=/gotrack/index.php?r=gii/model/index
HTTP_REFERER=http://localhost:8383/gotrack/index.php?r=gii
---
2014/05/28 08:54:40 [error] [exception.CDbException] exception 'CDbException' with message 'CDbConnection failed to open the DB connection: SQLSTATE[28000] [1045] Access denied for user 'gotrackAdmin'@'localhost' (using password: YES)' in /Users/chanchal/WebApplication/yii/framework/db/CDbConnection.php:382
Stack trace:
#0 /Users/chanchal/WebApplication/yii/framework/db/CDbConnection.php(330): CDbConnection->open()
#1 /Users/chanchal/WebApplication/yii/framework/db/CDbConnection.php(308): CDbConnection->setActive(true)
#2 /Users/chanchal/WebApplication/yii/framework/base/CModule.php(387): CDbConnection->init()
#3 /Users/chanchal/WebApplication/yii/framework/base/CModule.php(103): CModule->getComponent('db')
#4 /Users/chanchal/WebApplication/yii/framework/gii/generators/model/ModelCode.php(60): CModule->__get('db')
#5 /Users/chanchal/WebApplication/yii/framework/web/CFormModel.php(39): ModelCode->init()
#6 /Users/chanchal/WebApplication/yii/framework/gii/CCodeGenerator.php(153): CFormModel->__construct()
#7 /Users/chanchal/WebApplication/yii/framework/gii/CCodeGenerator.php(63): CCodeGenerator->prepare()
#8 /Users/chanchal/WebApplication/yii/framework/web/actions/CInlineAction.php(49): CCodeGenerator->actionIndex()
#9 /Users/chanchal/WebApplication/yii/framework/web/CController.php(308): CInlineAction->runWithParams(Array)
#10 /Users/chanchal/WebApplication/yii/framework/web/CController.php(286): CController->runAction(Object(CInlineAction))
#11 /Users/chanchal/WebApplication/yii/framework/web/CController.php(265): CController->runActionWithFilters(Object(CInlineAction), Array)
#12 /Users/chanchal/WebApplication/yii/framework/web/CWebApplication.php(282): CController->run('index')
#13 /Users/chanchal/WebApplication/yii/framework/web/CWebApplication.php(141): CWebApplication->runController('gii/model/index')
#14 /Users/chanchal/WebApplication/yii/framework/base/CApplication.php(180): CWebApplication->processRequest()
#15 /Applications/MAMP/htdocs/gotrack/index.php(13): CApplication->run()
#16 {main}
REQUEST_URI=/gotrack/index.php?r=gii/model/index
HTTP_REFERER=http://localhost:8383/gotrack/index.php?r=gii/default/index
---
