2014/08/03 19:18:12 [error] [exception.CHttpException.404] exception 'CHttpException' with message 'Unable to resolve the request "assets/img/shopify.png".' in /Applications/MAMP/htdocs/gotrack/yii/framework/web/CWebApplication.php:286
Stack trace:
#0 /Applications/MAMP/htdocs/gotrack/yii/framework/web/CWebApplication.php(141): CWebApplication->runController('assets/img/shop...')
#1 /Applications/MAMP/htdocs/gotrack/yii/framework/base/CApplication.php(180): CWebApplication->processRequest()
#2 /Applications/MAMP/htdocs/gotrack/index.php(13): CApplication->run()
#3 {main}
REQUEST_URI=/gotrack/assets/img/shopify.png
HTTP_REFERER=http://localhost:8383/gotrack/app/masterhtml.html
---
2014/08/03 19:18:13 [error] [exception.CHttpException.404] exception 'CHttpException' with message 'Unable to resolve the request "app/app/css/bootswatch.min.css".' in /Applications/MAMP/htdocs/gotrack/yii/framework/web/CWebApplication.php:286
Stack trace:
#0 /Applications/MAMP/htdocs/gotrack/yii/framework/web/CWebApplication.php(141): CWebApplication->runController('app/app/css/boo...')
#1 /Applications/MAMP/htdocs/gotrack/yii/framework/base/CApplication.php(180): CWebApplication->processRequest()
#2 /Applications/MAMP/htdocs/gotrack/index.php(13): CApplication->run()
#3 {main}
REQUEST_URI=/gotrack/app/app/css/bootswatch.min.css
HTTP_REFERER=http://localhost:8383/gotrack/app/masterhtml.html
---
2014/08/03 19:18:13 [error] [exception.CHttpException.404] exception 'CHttpException' with message 'Unable to resolve the request "assets/img/shopify.png".' in /Applications/MAMP/htdocs/gotrack/yii/framework/web/CWebApplication.php:286
Stack trace:
#0 /Applications/MAMP/htdocs/gotrack/yii/framework/web/CWebApplication.php(141): CWebApplication->runController('assets/img/shop...')
#1 /Applications/MAMP/htdocs/gotrack/yii/framework/base/CApplication.php(180): CWebApplication->processRequest()
#2 /Applications/MAMP/htdocs/gotrack/index.php(13): CApplication->run()
#3 {main}
REQUEST_URI=/gotrack/assets/img/shopify.png
HTTP_REFERER=http://localhost:8383/gotrack/app/masterhtml.html
---
2014/08/03 19:18:13 [error] [exception.CHttpException.404] exception 'CHttpException' with message 'Unable to resolve the request "bower_components/bootstrap/dist/js/bootstrap.min.js".' in /Applications/MAMP/htdocs/gotrack/yii/framework/web/CWebApplication.php:286
Stack trace:
#0 /Applications/MAMP/htdocs/gotrack/yii/framework/web/CWebApplication.php(141): CWebApplication->runController('bower_component...')
#1 /Applications/MAMP/htdocs/gotrack/yii/framework/base/CApplication.php(180): CWebApplication->processRequest()
#2 /Applications/MAMP/htdocs/gotrack/index.php(13): CApplication->run()
#3 {main}
REQUEST_URI=/gotrack/bower_components/bootstrap/dist/js/bootstrap.min.js
HTTP_REFERER=http://localhost:8383/gotrack/app/masterhtml.html
---
2014/08/03 19:18:13 [error] [exception.CHttpException.404] exception 'CHttpException' with message 'Unable to resolve the request "assets/js/bootswatch.js".' in /Applications/MAMP/htdocs/gotrack/yii/framework/web/CWebApplication.php:286
Stack trace:
#0 /Applications/MAMP/htdocs/gotrack/yii/framework/web/CWebApplication.php(141): CWebApplication->runController('assets/js/boots...')
#1 /Applications/MAMP/htdocs/gotrack/yii/framework/base/CApplication.php(180): CWebApplication->processRequest()
#2 /Applications/MAMP/htdocs/gotrack/index.php(13): CApplication->run()
#3 {main}
REQUEST_URI=/gotrack/assets/js/bootswatch.js
HTTP_REFERER=http://localhost:8383/gotrack/app/masterhtml.html
---
2014/08/03 19:18:14 [error] [exception.CHttpException.404] exception 'CHttpException' with message 'Unable to resolve the request "app/css/font-awesome.min.css".' in /Applications/MAMP/htdocs/gotrack/yii/framework/web/CWebApplication.php:286
Stack trace:
#0 /Applications/MAMP/htdocs/gotrack/yii/framework/web/CWebApplication.php(141): CWebApplication->runController('app/css/font-aw...')
#1 /Applications/MAMP/htdocs/gotrack/yii/framework/base/CApplication.php(180): CWebApplication->processRequest()
#2 /Applications/MAMP/htdocs/gotrack/index.php(13): CApplication->run()
#3 {main}
REQUEST_URI=/gotrack/app/css/font-awesome.min.css
HTTP_REFERER=http://localhost:8383/gotrack/app/
---
2014/08/03 19:18:15 [error] [exception.CHttpException.404] exception 'CHttpException' with message 'Unable to resolve the request "app/css/font-awesome.min.css".' in /Applications/MAMP/htdocs/gotrack/yii/framework/web/CWebApplication.php:286
Stack trace:
#0 /Applications/MAMP/htdocs/gotrack/yii/framework/web/CWebApplication.php(141): CWebApplication->runController('app/css/font-aw...')
#1 /Applications/MAMP/htdocs/gotrack/yii/framework/base/CApplication.php(180): CWebApplication->processRequest()
#2 /Applications/MAMP/htdocs/gotrack/index.php(13): CApplication->run()
#3 {main}
REQUEST_URI=/gotrack/app/css/font-awesome.min.css
HTTP_REFERER=http://localhost:8383/gotrack/app/index.html
---
2014/08/03 19:18:20 [error] [exception.CHttpException.404] exception 'CHttpException' with message 'Unable to resolve the request "app/css/font-awesome.min.css".' in /Applications/MAMP/htdocs/gotrack/yii/framework/web/CWebApplication.php:286
Stack trace:
#0 /Applications/MAMP/htdocs/gotrack/yii/framework/web/CWebApplication.php(141): CWebApplication->runController('app/css/font-aw...')
#1 /Applications/MAMP/htdocs/gotrack/yii/framework/base/CApplication.php(180): CWebApplication->processRequest()
#2 /Applications/MAMP/htdocs/gotrack/index.php(13): CApplication->run()
#3 {main}
REQUEST_URI=/gotrack/app/css/font-awesome.min.css
HTTP_REFERER=http://localhost:8383/gotrack/app/index.html
---
2014/08/03 19:19:02 [error] [exception.CHttpException.404] exception 'CHttpException' with message 'Unable to resolve the request "app/css/font-awesome.min.css".' in /Applications/MAMP/htdocs/gotrack/yii/framework/web/CWebApplication.php:286
Stack trace:
#0 /Applications/MAMP/htdocs/gotrack/yii/framework/web/CWebApplication.php(141): CWebApplication->runController('app/css/font-aw...')
#1 /Applications/MAMP/htdocs/gotrack/yii/framework/base/CApplication.php(180): CWebApplication->processRequest()
#2 /Applications/MAMP/htdocs/gotrack/index.php(13): CApplication->run()
#3 {main}
REQUEST_URI=/gotrack/app/css/font-awesome.min.css
HTTP_REFERER=http://localhost:8383/gotrack/app/index.html
---
2014/08/03 19:21:08 [error] [exception.CHttpException.404] exception 'CHttpException' with message 'Unable to resolve the request "app/css/font-awesome.min.css".' in /Applications/MAMP/htdocs/gotrack/yii/framework/web/CWebApplication.php:286
Stack trace:
#0 /Applications/MAMP/htdocs/gotrack/yii/framework/web/CWebApplication.php(141): CWebApplication->runController('app/css/font-aw...')
#1 /Applications/MAMP/htdocs/gotrack/yii/framework/base/CApplication.php(180): CWebApplication->processRequest()
#2 /Applications/MAMP/htdocs/gotrack/index.php(13): CApplication->run()
#3 {main}
REQUEST_URI=/gotrack/app/css/font-awesome.min.css
HTTP_REFERER=http://localhost:8383/gotrack/app/index.html
---
2014/08/03 19:21:56 [error] [exception.CHttpException.404] exception 'CHttpException' with message 'Unable to resolve the request "app/css/font-awesome.min.css".' in /Applications/MAMP/htdocs/gotrack/yii/framework/web/CWebApplication.php:286
Stack trace:
#0 /Applications/MAMP/htdocs/gotrack/yii/framework/web/CWebApplication.php(141): CWebApplication->runController('app/css/font-aw...')
#1 /Applications/MAMP/htdocs/gotrack/yii/framework/base/CApplication.php(180): CWebApplication->processRequest()
#2 /Applications/MAMP/htdocs/gotrack/index.php(13): CApplication->run()
#3 {main}
REQUEST_URI=/gotrack/app/css/font-awesome.min.css
HTTP_REFERER=http://localhost:8383/gotrack/app/index.html
---
2014/08/03 19:22:31 [error] [exception.CHttpException.404] exception 'CHttpException' with message 'Unable to resolve the request "app/css/font-awesome.min.css".' in /Applications/MAMP/htdocs/gotrack/yii/framework/web/CWebApplication.php:286
Stack trace:
#0 /Applications/MAMP/htdocs/gotrack/yii/framework/web/CWebApplication.php(141): CWebApplication->runController('app/css/font-aw...')
#1 /Applications/MAMP/htdocs/gotrack/yii/framework/base/CApplication.php(180): CWebApplication->processRequest()
#2 /Applications/MAMP/htdocs/gotrack/index.php(13): CApplication->run()
#3 {main}
REQUEST_URI=/gotrack/app/css/font-awesome.min.css
HTTP_REFERER=http://localhost:8383/gotrack/app/index.html
---
2014/08/03 19:27:16 [error] [exception.CHttpException.404] exception 'CHttpException' with message 'Unable to resolve the request "app/css/font-awesome.min.css".' in /Applications/MAMP/htdocs/gotrack/yii/framework/web/CWebApplication.php:286
Stack trace:
#0 /Applications/MAMP/htdocs/gotrack/yii/framework/web/CWebApplication.php(141): CWebApplication->runController('app/css/font-aw...')
#1 /Applications/MAMP/htdocs/gotrack/yii/framework/base/CApplication.php(180): CWebApplication->processRequest()
#2 /Applications/MAMP/htdocs/gotrack/index.php(13): CApplication->run()
#3 {main}
REQUEST_URI=/gotrack/app/css/font-awesome.min.css
HTTP_REFERER=http://localhost:8383/gotrack/app/index.html
---
2014/08/03 19:27:26 [error] [exception.CHttpException.404] exception 'CHttpException' with message 'Unable to resolve the request "app/services.html".' in /Applications/MAMP/htdocs/gotrack/yii/framework/web/CWebApplication.php:286
Stack trace:
#0 /Applications/MAMP/htdocs/gotrack/yii/framework/web/CWebApplication.php(141): CWebApplication->runController('app/services.ht...')
#1 /Applications/MAMP/htdocs/gotrack/yii/framework/base/CApplication.php(180): CWebApplication->processRequest()
#2 /Applications/MAMP/htdocs/gotrack/index.php(13): CApplication->run()
#3 {main}
REQUEST_URI=/gotrack/app/services.html
HTTP_REFERER=http://localhost:8383/gotrack/app/index.html
---
2014/08/03 19:27:32 [error] [exception.CHttpException.404] exception 'CHttpException' with message 'Unable to resolve the request "app/css/font-awesome.min.css".' in /Applications/MAMP/htdocs/gotrack/yii/framework/web/CWebApplication.php:286
Stack trace:
#0 /Applications/MAMP/htdocs/gotrack/yii/framework/web/CWebApplication.php(141): CWebApplication->runController('app/css/font-aw...')
#1 /Applications/MAMP/htdocs/gotrack/yii/framework/base/CApplication.php(180): CWebApplication->processRequest()
#2 /Applications/MAMP/htdocs/gotrack/index.php(13): CApplication->run()
#3 {main}
REQUEST_URI=/gotrack/app/css/font-awesome.min.css
HTTP_REFERER=http://localhost:8383/gotrack/app/index.html
---
2014/08/03 19:29:40 [error] [exception.CHttpException.404] exception 'CHttpException' with message 'Unable to resolve the request "app/css/font-awesome.min.css".' in /Applications/MAMP/htdocs/gotrack/yii/framework/web/CWebApplication.php:286
Stack trace:
#0 /Applications/MAMP/htdocs/gotrack/yii/framework/web/CWebApplication.php(141): CWebApplication->runController('app/css/font-aw...')
#1 /Applications/MAMP/htdocs/gotrack/yii/framework/base/CApplication.php(180): CWebApplication->processRequest()
#2 /Applications/MAMP/htdocs/gotrack/index.php(13): CApplication->run()
#3 {main}
REQUEST_URI=/gotrack/app/css/font-awesome.min.css
HTTP_REFERER=http://localhost:8383/gotrack/app/index.html
---
2014/08/03 20:05:15 [error] [exception.CHttpException.404] exception 'CHttpException' with message 'Unable to resolve the request "app/css/font-awesome.min.css".' in /Applications/MAMP/htdocs/gotrack/yii/framework/web/CWebApplication.php:286
Stack trace:
#0 /Applications/MAMP/htdocs/gotrack/yii/framework/web/CWebApplication.php(141): CWebApplication->runController('app/css/font-aw...')
#1 /Applications/MAMP/htdocs/gotrack/yii/framework/base/CApplication.php(180): CWebApplication->processRequest()
#2 /Applications/MAMP/htdocs/gotrack/index.php(13): CApplication->run()
#3 {main}
REQUEST_URI=/gotrack/app/css/font-awesome.min.css
HTTP_REFERER=http://localhost:8383/gotrack/app/index.html
---
2014/08/03 20:08:59 [error] [exception.CHttpException.404] exception 'CHttpException' with message 'Unable to resolve the request "app/css/font-awesome.min.css".' in /Applications/MAMP/htdocs/gotrack/yii/framework/web/CWebApplication.php:286
Stack trace:
#0 /Applications/MAMP/htdocs/gotrack/yii/framework/web/CWebApplication.php(141): CWebApplication->runController('app/css/font-aw...')
#1 /Applications/MAMP/htdocs/gotrack/yii/framework/base/CApplication.php(180): CWebApplication->processRequest()
#2 /Applications/MAMP/htdocs/gotrack/index.php(13): CApplication->run()
#3 {main}
REQUEST_URI=/gotrack/app/css/font-awesome.min.css
HTTP_REFERER=http://localhost:8383/gotrack/app/index.html
---
2014/08/03 20:09:25 [error] [exception.CHttpException.404] exception 'CHttpException' with message 'Unable to resolve the request "app/css/font-awesome.min.css".' in /Applications/MAMP/htdocs/gotrack/yii/framework/web/CWebApplication.php:286
Stack trace:
#0 /Applications/MAMP/htdocs/gotrack/yii/framework/web/CWebApplication.php(141): CWebApplication->runController('app/css/font-aw...')
#1 /Applications/MAMP/htdocs/gotrack/yii/framework/base/CApplication.php(180): CWebApplication->processRequest()
#2 /Applications/MAMP/htdocs/gotrack/index.php(13): CApplication->run()
#3 {main}
REQUEST_URI=/gotrack/app/css/font-awesome.min.css
HTTP_REFERER=http://localhost:8383/gotrack/app/index.html
---
2014/08/03 20:09:46 [error] [exception.CHttpException.404] exception 'CHttpException' with message 'Unable to resolve the request "app/css/font-awesome.min.css".' in /Applications/MAMP/htdocs/gotrack/yii/framework/web/CWebApplication.php:286
Stack trace:
#0 /Applications/MAMP/htdocs/gotrack/yii/framework/web/CWebApplication.php(141): CWebApplication->runController('app/css/font-aw...')
#1 /Applications/MAMP/htdocs/gotrack/yii/framework/base/CApplication.php(180): CWebApplication->processRequest()
#2 /Applications/MAMP/htdocs/gotrack/index.php(13): CApplication->run()
#3 {main}
REQUEST_URI=/gotrack/app/css/font-awesome.min.css
HTTP_REFERER=http://localhost:8383/gotrack/app/index.html
---
2014/08/03 20:09:48 [error] [exception.CHttpException.404] exception 'CHttpException' with message 'Unable to resolve the request "app/customers".' in /Applications/MAMP/htdocs/gotrack/yii/framework/web/CWebApplication.php:286
Stack trace:
#0 /Applications/MAMP/htdocs/gotrack/yii/framework/web/CWebApplication.php(141): CWebApplication->runController('app/customers')
#1 /Applications/MAMP/htdocs/gotrack/yii/framework/base/CApplication.php(180): CWebApplication->processRequest()
#2 /Applications/MAMP/htdocs/gotrack/index.php(13): CApplication->run()
#3 {main}
REQUEST_URI=/gotrack/app/customers/
HTTP_REFERER=http://localhost:8383/gotrack/app/index.html
---
2014/08/04 02:14:53 [error] [exception.CHttpException.404] exception 'CHttpException' with message 'Unable to resolve the request "app/css/font-awesome.min.css".' in /Applications/MAMP/htdocs/gotrack/yii/framework/web/CWebApplication.php:286
Stack trace:
#0 /Applications/MAMP/htdocs/gotrack/yii/framework/web/CWebApplication.php(141): CWebApplication->runController('app/css/font-aw...')
#1 /Applications/MAMP/htdocs/gotrack/yii/framework/base/CApplication.php(180): CWebApplication->processRequest()
#2 /Applications/MAMP/htdocs/gotrack/index.php(13): CApplication->run()
#3 {main}
REQUEST_URI=/gotrack/app/css/font-awesome.min.css
HTTP_REFERER=http://localhost:8383/gotrack/app/index.html
---
2014/08/04 02:14:57 [error] [exception.CHttpException.404] exception 'CHttpException' with message 'Unable to resolve the request "app/customers".' in /Applications/MAMP/htdocs/gotrack/yii/framework/web/CWebApplication.php:286
Stack trace:
#0 /Applications/MAMP/htdocs/gotrack/yii/framework/web/CWebApplication.php(141): CWebApplication->runController('app/customers')
#1 /Applications/MAMP/htdocs/gotrack/yii/framework/base/CApplication.php(180): CWebApplication->processRequest()
#2 /Applications/MAMP/htdocs/gotrack/index.php(13): CApplication->run()
#3 {main}
REQUEST_URI=/gotrack/app/customers/
HTTP_REFERER=http://localhost:8383/gotrack/app/index.html
---
2014/08/04 02:15:02 [error] [exception.CHttpException.404] exception 'CHttpException' with message 'Unable to resolve the request "app/customers".' in /Applications/MAMP/htdocs/gotrack/yii/framework/web/CWebApplication.php:286
Stack trace:
#0 /Applications/MAMP/htdocs/gotrack/yii/framework/web/CWebApplication.php(141): CWebApplication->runController('app/customers')
#1 /Applications/MAMP/htdocs/gotrack/yii/framework/base/CApplication.php(180): CWebApplication->processRequest()
#2 /Applications/MAMP/htdocs/gotrack/index.php(13): CApplication->run()
#3 {main}
REQUEST_URI=/gotrack/app/customers/
HTTP_REFERER=http://localhost:8383/gotrack/app/index.html#/customers
---
2014/08/04 02:15:11 [error] [exception.CHttpException.404] exception 'CHttpException' with message 'Unable to resolve the request "app/customers".' in /Applications/MAMP/htdocs/gotrack/yii/framework/web/CWebApplication.php:286
Stack trace:
#0 /Applications/MAMP/htdocs/gotrack/yii/framework/web/CWebApplication.php(141): CWebApplication->runController('app/customers')
#1 /Applications/MAMP/htdocs/gotrack/yii/framework/base/CApplication.php(180): CWebApplication->processRequest()
#2 /Applications/MAMP/htdocs/gotrack/index.php(13): CApplication->run()
#3 {main}
REQUEST_URI=/gotrack/app/customers/
HTTP_REFERER=http://localhost:8383/gotrack/app/index.html#/customers
---
2014/08/04 02:15:15 [error] [exception.CHttpException.404] exception 'CHttpException' with message 'Unable to resolve the request "app/customers".' in /Applications/MAMP/htdocs/gotrack/yii/framework/web/CWebApplication.php:286
Stack trace:
#0 /Applications/MAMP/htdocs/gotrack/yii/framework/web/CWebApplication.php(141): CWebApplication->runController('app/customers')
#1 /Applications/MAMP/htdocs/gotrack/yii/framework/base/CApplication.php(180): CWebApplication->processRequest()
#2 /Applications/MAMP/htdocs/gotrack/index.php(13): CApplication->run()
#3 {main}
REQUEST_URI=/gotrack/app/customers/2
---
2014/08/04 02:15:19 [error] [exception.CHttpException.404] exception 'CHttpException' with message 'Unable to resolve the request "app/customers".' in /Applications/MAMP/htdocs/gotrack/yii/framework/web/CWebApplication.php:286
Stack trace:
#0 /Applications/MAMP/htdocs/gotrack/yii/framework/web/CWebApplication.php(141): CWebApplication->runController('app/customers')
#1 /Applications/MAMP/htdocs/gotrack/yii/framework/base/CApplication.php(180): CWebApplication->processRequest()
#2 /Applications/MAMP/htdocs/gotrack/index.php(13): CApplication->run()
#3 {main}
REQUEST_URI=/gotrack/app/customers/2
---
2014/08/04 03:12:13 [error] [exception.CHttpException.404] exception 'CHttpException' with message 'Unable to resolve the request "app/customers".' in /Applications/MAMP/htdocs/gotrack/yii/framework/web/CWebApplication.php:286
Stack trace:
#0 /Applications/MAMP/htdocs/gotrack/yii/framework/web/CWebApplication.php(141): CWebApplication->runController('app/customers')
#1 /Applications/MAMP/htdocs/gotrack/yii/framework/base/CApplication.php(180): CWebApplication->processRequest()
#2 /Applications/MAMP/htdocs/gotrack/index.php(13): CApplication->run()
#3 {main}
REQUEST_URI=/gotrack/app/customers/
HTTP_REFERER=http://localhost:8383/gotrack/app/index.html#/customers
---
2014/08/04 03:12:14 [error] [exception.CHttpException.404] exception 'CHttpException' with message 'Unable to resolve the request "app/css/font-awesome.min.css".' in /Applications/MAMP/htdocs/gotrack/yii/framework/web/CWebApplication.php:286
Stack trace:
#0 /Applications/MAMP/htdocs/gotrack/yii/framework/web/CWebApplication.php(141): CWebApplication->runController('app/css/font-aw...')
#1 /Applications/MAMP/htdocs/gotrack/yii/framework/base/CApplication.php(180): CWebApplication->processRequest()
#2 /Applications/MAMP/htdocs/gotrack/index.php(13): CApplication->run()
#3 {main}
REQUEST_URI=/gotrack/app/css/font-awesome.min.css
HTTP_REFERER=http://localhost:8383/gotrack/app/index.html
---
2014/08/04 03:12:38 [error] [exception.CHttpException.404] exception 'CHttpException' with message 'Unable to resolve the request "app/css/font-awesome.min.css".' in /Applications/MAMP/htdocs/gotrack/yii/framework/web/CWebApplication.php:286
Stack trace:
#0 /Applications/MAMP/htdocs/gotrack/yii/framework/web/CWebApplication.php(141): CWebApplication->runController('app/css/font-aw...')
#1 /Applications/MAMP/htdocs/gotrack/yii/framework/base/CApplication.php(180): CWebApplication->processRequest()
#2 /Applications/MAMP/htdocs/gotrack/index.php(13): CApplication->run()
#3 {main}
REQUEST_URI=/gotrack/app/css/font-awesome.min.css
HTTP_REFERER=http://localhost:8383/gotrack/app/index.html
---
2014/08/04 03:12:39 [error] [exception.CHttpException.404] exception 'CHttpException' with message 'Unable to resolve the request "app/css/font-awesome.min.css".' in /Applications/MAMP/htdocs/gotrack/yii/framework/web/CWebApplication.php:286
Stack trace:
#0 /Applications/MAMP/htdocs/gotrack/yii/framework/web/CWebApplication.php(141): CWebApplication->runController('app/css/font-aw...')
#1 /Applications/MAMP/htdocs/gotrack/yii/framework/base/CApplication.php(180): CWebApplication->processRequest()
#2 /Applications/MAMP/htdocs/gotrack/index.php(13): CApplication->run()
#3 {main}
REQUEST_URI=/gotrack/app/css/font-awesome.min.css
HTTP_REFERER=http://localhost:8383/gotrack/app/index.html
---
2014/08/04 03:12:40 [error] [exception.CHttpException.404] exception 'CHttpException' with message 'Unable to resolve the request "app/css/font-awesome.min.css".' in /Applications/MAMP/htdocs/gotrack/yii/framework/web/CWebApplication.php:286
Stack trace:
#0 /Applications/MAMP/htdocs/gotrack/yii/framework/web/CWebApplication.php(141): CWebApplication->runController('app/css/font-aw...')
#1 /Applications/MAMP/htdocs/gotrack/yii/framework/base/CApplication.php(180): CWebApplication->processRequest()
#2 /Applications/MAMP/htdocs/gotrack/index.php(13): CApplication->run()
#3 {main}
REQUEST_URI=/gotrack/app/css/font-awesome.min.css
HTTP_REFERER=http://localhost:8383/gotrack/app/index.html
---
2014/08/04 03:14:20 [error] [exception.CHttpException.404] exception 'CHttpException' with message 'Unable to resolve the request "app/css/font-awesome.min.css".' in /Applications/MAMP/htdocs/gotrack/yii/framework/web/CWebApplication.php:286
Stack trace:
#0 /Applications/MAMP/htdocs/gotrack/yii/framework/web/CWebApplication.php(141): CWebApplication->runController('app/css/font-aw...')
#1 /Applications/MAMP/htdocs/gotrack/yii/framework/base/CApplication.php(180): CWebApplication->processRequest()
#2 /Applications/MAMP/htdocs/gotrack/index.php(13): CApplication->run()
#3 {main}
REQUEST_URI=/gotrack/app/css/font-awesome.min.css
HTTP_REFERER=http://localhost:8383/gotrack/app/index.html
---
2014/08/04 03:14:28 [error] [exception.CHttpException.404] exception 'CHttpException' with message 'Unable to resolve the request "app/css/font-awesome.min.css".' in /Applications/MAMP/htdocs/gotrack/yii/framework/web/CWebApplication.php:286
Stack trace:
#0 /Applications/MAMP/htdocs/gotrack/yii/framework/web/CWebApplication.php(141): CWebApplication->runController('app/css/font-aw...')
#1 /Applications/MAMP/htdocs/gotrack/yii/framework/base/CApplication.php(180): CWebApplication->processRequest()
#2 /Applications/MAMP/htdocs/gotrack/index.php(13): CApplication->run()
#3 {main}
REQUEST_URI=/gotrack/app/css/font-awesome.min.css
HTTP_REFERER=http://localhost:8383/gotrack/app/index.html
---
2014/08/04 03:14:30 [error] [exception.CHttpException.404] exception 'CHttpException' with message 'Unable to resolve the request "app/customers/:customerId".' in /Applications/MAMP/htdocs/gotrack/yii/framework/web/CWebApplication.php:286
Stack trace:
#0 /Applications/MAMP/htdocs/gotrack/yii/framework/web/CWebApplication.php(141): CWebApplication->runController('app/customers/:...')
#1 /Applications/MAMP/htdocs/gotrack/yii/framework/base/CApplication.php(180): CWebApplication->processRequest()
#2 /Applications/MAMP/htdocs/gotrack/index.php(13): CApplication->run()
#3 {main}
REQUEST_URI=/gotrack/app/customers/:customerId
HTTP_REFERER=http://localhost:8383/gotrack/app/index.html
---
2014/08/04 03:15:35 [error] [exception.CHttpException.404] exception 'CHttpException' with message 'Unable to resolve the request "app/css/font-awesome.min.css".' in /Applications/MAMP/htdocs/gotrack/yii/framework/web/CWebApplication.php:286
Stack trace:
#0 /Applications/MAMP/htdocs/gotrack/yii/framework/web/CWebApplication.php(141): CWebApplication->runController('app/css/font-aw...')
#1 /Applications/MAMP/htdocs/gotrack/yii/framework/base/CApplication.php(180): CWebApplication->processRequest()
#2 /Applications/MAMP/htdocs/gotrack/index.php(13): CApplication->run()
#3 {main}
REQUEST_URI=/gotrack/app/css/font-awesome.min.css
HTTP_REFERER=http://localhost:8383/gotrack/app/index.html
---
2014/08/04 03:15:37 [error] [exception.CHttpException.404] exception 'CHttpException' with message 'Unable to resolve the request "app/customers/:1".' in /Applications/MAMP/htdocs/gotrack/yii/framework/web/CWebApplication.php:286
Stack trace:
#0 /Applications/MAMP/htdocs/gotrack/yii/framework/web/CWebApplication.php(141): CWebApplication->runController('app/customers/:...')
#1 /Applications/MAMP/htdocs/gotrack/yii/framework/base/CApplication.php(180): CWebApplication->processRequest()
#2 /Applications/MAMP/htdocs/gotrack/index.php(13): CApplication->run()
#3 {main}
REQUEST_URI=/gotrack/app/customers/:1
HTTP_REFERER=http://localhost:8383/gotrack/app/index.html
---
2014/08/04 03:15:59 [error] [exception.CHttpException.404] exception 'CHttpException' with message 'Unable to resolve the request "app/css/font-awesome.min.css".' in /Applications/MAMP/htdocs/gotrack/yii/framework/web/CWebApplication.php:286
Stack trace:
#0 /Applications/MAMP/htdocs/gotrack/yii/framework/web/CWebApplication.php(141): CWebApplication->runController('app/css/font-aw...')
#1 /Applications/MAMP/htdocs/gotrack/yii/framework/base/CApplication.php(180): CWebApplication->processRequest()
#2 /Applications/MAMP/htdocs/gotrack/index.php(13): CApplication->run()
#3 {main}
REQUEST_URI=/gotrack/app/css/font-awesome.min.css
HTTP_REFERER=http://localhost:8383/gotrack/app/index.html
---
2014/08/04 03:16:01 [error] [exception.CHttpException.404] exception 'CHttpException' with message 'Unable to resolve the request "app/customers".' in /Applications/MAMP/htdocs/gotrack/yii/framework/web/CWebApplication.php:286
Stack trace:
#0 /Applications/MAMP/htdocs/gotrack/yii/framework/web/CWebApplication.php(141): CWebApplication->runController('app/customers')
#1 /Applications/MAMP/htdocs/gotrack/yii/framework/base/CApplication.php(180): CWebApplication->processRequest()
#2 /Applications/MAMP/htdocs/gotrack/index.php(13): CApplication->run()
#3 {main}
REQUEST_URI=/gotrack/app/customers/1
HTTP_REFERER=http://localhost:8383/gotrack/app/index.html
---
2014/08/04 03:16:54 [error] [exception.CHttpException.404] exception 'CHttpException' with message 'Unable to resolve the request "app/css/font-awesome.min.css".' in /Applications/MAMP/htdocs/gotrack/yii/framework/web/CWebApplication.php:286
Stack trace:
#0 /Applications/MAMP/htdocs/gotrack/yii/framework/web/CWebApplication.php(141): CWebApplication->runController('app/css/font-aw...')
#1 /Applications/MAMP/htdocs/gotrack/yii/framework/base/CApplication.php(180): CWebApplication->processRequest()
#2 /Applications/MAMP/htdocs/gotrack/index.php(13): CApplication->run()
#3 {main}
REQUEST_URI=/gotrack/app/css/font-awesome.min.css
HTTP_REFERER=http://localhost:8383/gotrack/app/index.html
---
2014/08/04 03:16:56 [error] [exception.CHttpException.404] exception 'CHttpException' with message 'Unable to resolve the request "app/customers".' in /Applications/MAMP/htdocs/gotrack/yii/framework/web/CWebApplication.php:286
Stack trace:
#0 /Applications/MAMP/htdocs/gotrack/yii/framework/web/CWebApplication.php(141): CWebApplication->runController('app/customers')
#1 /Applications/MAMP/htdocs/gotrack/yii/framework/base/CApplication.php(180): CWebApplication->processRequest()
#2 /Applications/MAMP/htdocs/gotrack/index.php(13): CApplication->run()
#3 {main}
REQUEST_URI=/gotrack/app/customers/1
HTTP_REFERER=http://localhost:8383/gotrack/app/index.html
---
2014/08/04 03:18:53 [error] [exception.CHttpException.404] exception 'CHttpException' with message 'Unable to resolve the request "app/css/font-awesome.min.css".' in /Applications/MAMP/htdocs/gotrack/yii/framework/web/CWebApplication.php:286
Stack trace:
#0 /Applications/MAMP/htdocs/gotrack/yii/framework/web/CWebApplication.php(141): CWebApplication->runController('app/css/font-aw...')
#1 /Applications/MAMP/htdocs/gotrack/yii/framework/base/CApplication.php(180): CWebApplication->processRequest()
#2 /Applications/MAMP/htdocs/gotrack/index.php(13): CApplication->run()
#3 {main}
REQUEST_URI=/gotrack/app/css/font-awesome.min.css
HTTP_REFERER=http://localhost:8383/gotrack/app/index.html
---
2014/08/04 03:18:55 [error] [exception.CHttpException.404] exception 'CHttpException' with message 'Unable to resolve the request "app/customers".' in /Applications/MAMP/htdocs/gotrack/yii/framework/web/CWebApplication.php:286
Stack trace:
#0 /Applications/MAMP/htdocs/gotrack/yii/framework/web/CWebApplication.php(141): CWebApplication->runController('app/customers')
#1 /Applications/MAMP/htdocs/gotrack/yii/framework/base/CApplication.php(180): CWebApplication->processRequest()
#2 /Applications/MAMP/htdocs/gotrack/index.php(13): CApplication->run()
#3 {main}
REQUEST_URI=/gotrack/app/customers/1
HTTP_REFERER=http://localhost:8383/gotrack/app/index.html
---
2014/08/04 03:18:58 [error] [exception.CHttpException.404] exception 'CHttpException' with message 'Unable to resolve the request "app/customers".' in /Applications/MAMP/htdocs/gotrack/yii/framework/web/CWebApplication.php:286
Stack trace:
#0 /Applications/MAMP/htdocs/gotrack/yii/framework/web/CWebApplication.php(141): CWebApplication->runController('app/customers')
#1 /Applications/MAMP/htdocs/gotrack/yii/framework/base/CApplication.php(180): CWebApplication->processRequest()
#2 /Applications/MAMP/htdocs/gotrack/index.php(13): CApplication->run()
#3 {main}
REQUEST_URI=/gotrack/app/customers/1
HTTP_REFERER=http://localhost:8383/gotrack/app/index.html
---
2014/08/04 03:18:59 [error] [exception.CHttpException.404] exception 'CHttpException' with message 'Unable to resolve the request "app/customers".' in /Applications/MAMP/htdocs/gotrack/yii/framework/web/CWebApplication.php:286
Stack trace:
#0 /Applications/MAMP/htdocs/gotrack/yii/framework/web/CWebApplication.php(141): CWebApplication->runController('app/customers')
#1 /Applications/MAMP/htdocs/gotrack/yii/framework/base/CApplication.php(180): CWebApplication->processRequest()
#2 /Applications/MAMP/htdocs/gotrack/index.php(13): CApplication->run()
#3 {main}
REQUEST_URI=/gotrack/app/customers/1
HTTP_REFERER=http://localhost:8383/gotrack/app/index.html
---
2014/08/04 03:19:06 [error] [exception.CHttpException.404] exception 'CHttpException' with message 'Unable to resolve the request "app/css/font-awesome.min.css".' in /Applications/MAMP/htdocs/gotrack/yii/framework/web/CWebApplication.php:286
Stack trace:
#0 /Applications/MAMP/htdocs/gotrack/yii/framework/web/CWebApplication.php(141): CWebApplication->runController('app/css/font-aw...')
#1 /Applications/MAMP/htdocs/gotrack/yii/framework/base/CApplication.php(180): CWebApplication->processRequest()
#2 /Applications/MAMP/htdocs/gotrack/index.php(13): CApplication->run()
#3 {main}
REQUEST_URI=/gotrack/app/css/font-awesome.min.css
HTTP_REFERER=http://localhost:8383/gotrack/app/index.html
---
2014/08/04 03:19:07 [error] [exception.CHttpException.404] exception 'CHttpException' with message 'Unable to resolve the request "app/css/font-awesome.min.css".' in /Applications/MAMP/htdocs/gotrack/yii/framework/web/CWebApplication.php:286
Stack trace:
#0 /Applications/MAMP/htdocs/gotrack/yii/framework/web/CWebApplication.php(141): CWebApplication->runController('app/css/font-aw...')
#1 /Applications/MAMP/htdocs/gotrack/yii/framework/base/CApplication.php(180): CWebApplication->processRequest()
#2 /Applications/MAMP/htdocs/gotrack/index.php(13): CApplication->run()
#3 {main}
REQUEST_URI=/gotrack/app/css/font-awesome.min.css
HTTP_REFERER=http://localhost:8383/gotrack/app/index.html
---
2014/08/04 03:19:12 [error] [exception.CHttpException.404] exception 'CHttpException' with message 'Unable to resolve the request "app/customers".' in /Applications/MAMP/htdocs/gotrack/yii/framework/web/CWebApplication.php:286
Stack trace:
#0 /Applications/MAMP/htdocs/gotrack/yii/framework/web/CWebApplication.php(141): CWebApplication->runController('app/customers')
#1 /Applications/MAMP/htdocs/gotrack/yii/framework/base/CApplication.php(180): CWebApplication->processRequest()
#2 /Applications/MAMP/htdocs/gotrack/index.php(13): CApplication->run()
#3 {main}
REQUEST_URI=/gotrack/app/customers/1
HTTP_REFERER=http://localhost:8383/gotrack/app/index.html
---
2014/08/04 03:19:23 [error] [exception.CHttpException.404] exception 'CHttpException' with message 'Unable to resolve the request "app/css/font-awesome.min.css".' in /Applications/MAMP/htdocs/gotrack/yii/framework/web/CWebApplication.php:286
Stack trace:
#0 /Applications/MAMP/htdocs/gotrack/yii/framework/web/CWebApplication.php(141): CWebApplication->runController('app/css/font-aw...')
#1 /Applications/MAMP/htdocs/gotrack/yii/framework/base/CApplication.php(180): CWebApplication->processRequest()
#2 /Applications/MAMP/htdocs/gotrack/index.php(13): CApplication->run()
#3 {main}
REQUEST_URI=/gotrack/app/css/font-awesome.min.css
HTTP_REFERER=http://localhost:8383/gotrack/app/index.html
---
2014/08/04 08:28:13 [error] [exception.CHttpException.404] exception 'CHttpException' with message 'Unable to resolve the request "app/customers".' in /Applications/MAMP/htdocs/gotrack/yii/framework/web/CWebApplication.php:286
Stack trace:
#0 /Applications/MAMP/htdocs/gotrack/yii/framework/web/CWebApplication.php(141): CWebApplication->runController('app/customers')
#1 /Applications/MAMP/htdocs/gotrack/yii/framework/base/CApplication.php(180): CWebApplication->processRequest()
#2 /Applications/MAMP/htdocs/gotrack/index.php(13): CApplication->run()
#3 {main}
REQUEST_URI=/gotrack/app/customers/1
HTTP_REFERER=http://localhost:8383/gotrack/app/index.html
---
2014/08/04 08:52:51 [error] [exception.CHttpException.404] exception 'CHttpException' with message 'Unable to resolve the request "app/css/font-awesome.min.css".' in /Applications/MAMP/htdocs/gotrack/yii/framework/web/CWebApplication.php:286
Stack trace:
#0 /Applications/MAMP/htdocs/gotrack/yii/framework/web/CWebApplication.php(141): CWebApplication->runController('app/css/font-aw...')
#1 /Applications/MAMP/htdocs/gotrack/yii/framework/base/CApplication.php(180): CWebApplication->processRequest()
#2 /Applications/MAMP/htdocs/gotrack/index.php(13): CApplication->run()
#3 {main}
REQUEST_URI=/gotrack/app/css/font-awesome.min.css
HTTP_REFERER=http://localhost:8383/gotrack/app/index.html
---
2014/08/04 08:52:54 [error] [exception.CHttpException.404] exception 'CHttpException' with message 'Unable to resolve the request "app/customers".' in /Applications/MAMP/htdocs/gotrack/yii/framework/web/CWebApplication.php:286
Stack trace:
#0 /Applications/MAMP/htdocs/gotrack/yii/framework/web/CWebApplication.php(141): CWebApplication->runController('app/customers')
#1 /Applications/MAMP/htdocs/gotrack/yii/framework/base/CApplication.php(180): CWebApplication->processRequest()
#2 /Applications/MAMP/htdocs/gotrack/index.php(13): CApplication->run()
#3 {main}
REQUEST_URI=/gotrack/app/customers/2
HTTP_REFERER=http://localhost:8383/gotrack/app/index.html
---
2014/08/04 08:53:02 [error] [exception.CHttpException.404] exception 'CHttpException' with message 'Unable to resolve the request "app/css/font-awesome.min.css".' in /Applications/MAMP/htdocs/gotrack/yii/framework/web/CWebApplication.php:286
Stack trace:
#0 /Applications/MAMP/htdocs/gotrack/yii/framework/web/CWebApplication.php(141): CWebApplication->runController('app/css/font-aw...')
#1 /Applications/MAMP/htdocs/gotrack/yii/framework/base/CApplication.php(180): CWebApplication->processRequest()
#2 /Applications/MAMP/htdocs/gotrack/index.php(13): CApplication->run()
#3 {main}
REQUEST_URI=/gotrack/app/css/font-awesome.min.css
HTTP_REFERER=http://localhost:8383/gotrack/app/index.html
---
2014/08/04 08:53:35 [error] [exception.CHttpException.404] exception 'CHttpException' with message 'Unable to resolve the request "app/css/font-awesome.min.css".' in /Applications/MAMP/htdocs/gotrack/yii/framework/web/CWebApplication.php:286
Stack trace:
#0 /Applications/MAMP/htdocs/gotrack/yii/framework/web/CWebApplication.php(141): CWebApplication->runController('app/css/font-aw...')
#1 /Applications/MAMP/htdocs/gotrack/yii/framework/base/CApplication.php(180): CWebApplication->processRequest()
#2 /Applications/MAMP/htdocs/gotrack/index.php(13): CApplication->run()
#3 {main}
REQUEST_URI=/gotrack/app/css/font-awesome.min.css
HTTP_REFERER=http://localhost:8383/gotrack/app/index.html
---
2014/08/04 08:53:39 [error] [exception.CHttpException.404] exception 'CHttpException' with message 'Unable to resolve the request "app/css/font-awesome.min.css".' in /Applications/MAMP/htdocs/gotrack/yii/framework/web/CWebApplication.php:286
Stack trace:
#0 /Applications/MAMP/htdocs/gotrack/yii/framework/web/CWebApplication.php(141): CWebApplication->runController('app/css/font-aw...')
#1 /Applications/MAMP/htdocs/gotrack/yii/framework/base/CApplication.php(180): CWebApplication->processRequest()
#2 /Applications/MAMP/htdocs/gotrack/index.php(13): CApplication->run()
#3 {main}
REQUEST_URI=/gotrack/app/css/font-awesome.min.css
HTTP_REFERER=http://localhost:8383/gotrack/app/index.html
---
2014/08/04 08:54:07 [error] [exception.CHttpException.404] exception 'CHttpException' with message 'Unable to resolve the request "app/css/font-awesome.min.css".' in /Applications/MAMP/htdocs/gotrack/yii/framework/web/CWebApplication.php:286
Stack trace:
#0 /Applications/MAMP/htdocs/gotrack/yii/framework/web/CWebApplication.php(141): CWebApplication->runController('app/css/font-aw...')
#1 /Applications/MAMP/htdocs/gotrack/yii/framework/base/CApplication.php(180): CWebApplication->processRequest()
#2 /Applications/MAMP/htdocs/gotrack/index.php(13): CApplication->run()
#3 {main}
REQUEST_URI=/gotrack/app/css/font-awesome.min.css
HTTP_REFERER=http://localhost:8383/gotrack/app/index.html
---
2014/08/04 08:54:13 [error] [exception.CHttpException.404] exception 'CHttpException' with message 'Unable to resolve the request "app/css/font-awesome.min.css".' in /Applications/MAMP/htdocs/gotrack/yii/framework/web/CWebApplication.php:286
Stack trace:
#0 /Applications/MAMP/htdocs/gotrack/yii/framework/web/CWebApplication.php(141): CWebApplication->runController('app/css/font-aw...')
#1 /Applications/MAMP/htdocs/gotrack/yii/framework/base/CApplication.php(180): CWebApplication->processRequest()
#2 /Applications/MAMP/htdocs/gotrack/index.php(13): CApplication->run()
#3 {main}
REQUEST_URI=/gotrack/app/css/font-awesome.min.css
HTTP_REFERER=http://localhost:8383/gotrack/app/index.html
---
2014/08/04 08:54:17 [error] [exception.CHttpException.404] exception 'CHttpException' with message 'Unable to resolve the request "app/customers".' in /Applications/MAMP/htdocs/gotrack/yii/framework/web/CWebApplication.php:286
Stack trace:
#0 /Applications/MAMP/htdocs/gotrack/yii/framework/web/CWebApplication.php(141): CWebApplication->runController('app/customers')
#1 /Applications/MAMP/htdocs/gotrack/yii/framework/base/CApplication.php(180): CWebApplication->processRequest()
#2 /Applications/MAMP/htdocs/gotrack/index.php(13): CApplication->run()
#3 {main}
REQUEST_URI=/gotrack/app/customers/2
HTTP_REFERER=http://localhost:8383/gotrack/app/index.html
---
2014/08/04 08:55:36 [error] [exception.CHttpException.404] exception 'CHttpException' with message 'Unable to resolve the request "app/services.html".' in /Applications/MAMP/htdocs/gotrack/yii/framework/web/CWebApplication.php:286
Stack trace:
#0 /Applications/MAMP/htdocs/gotrack/yii/framework/web/CWebApplication.php(141): CWebApplication->runController('app/services.ht...')
#1 /Applications/MAMP/htdocs/gotrack/yii/framework/base/CApplication.php(180): CWebApplication->processRequest()
#2 /Applications/MAMP/htdocs/gotrack/index.php(13): CApplication->run()
#3 {main}
REQUEST_URI=/gotrack/app/services.html
HTTP_REFERER=http://localhost:8383/gotrack/app/index.html
---
2014/08/04 08:55:50 [error] [exception.CHttpException.404] exception 'CHttpException' with message 'Unable to resolve the request "app/css/font-awesome.min.css".' in /Applications/MAMP/htdocs/gotrack/yii/framework/web/CWebApplication.php:286
Stack trace:
#0 /Applications/MAMP/htdocs/gotrack/yii/framework/web/CWebApplication.php(141): CWebApplication->runController('app/css/font-aw...')
#1 /Applications/MAMP/htdocs/gotrack/yii/framework/base/CApplication.php(180): CWebApplication->processRequest()
#2 /Applications/MAMP/htdocs/gotrack/index.php(13): CApplication->run()
#3 {main}
REQUEST_URI=/gotrack/app/css/font-awesome.min.css
HTTP_REFERER=http://localhost:8383/gotrack/app/index.html
---
2014/08/04 08:56:47 [error] [exception.CHttpException.404] exception 'CHttpException' with message 'Unable to resolve the request "app/services.html".' in /Applications/MAMP/htdocs/gotrack/yii/framework/web/CWebApplication.php:286
Stack trace:
#0 /Applications/MAMP/htdocs/gotrack/yii/framework/web/CWebApplication.php(141): CWebApplication->runController('app/services.ht...')
#1 /Applications/MAMP/htdocs/gotrack/yii/framework/base/CApplication.php(180): CWebApplication->processRequest()
#2 /Applications/MAMP/htdocs/gotrack/index.php(13): CApplication->run()
#3 {main}
REQUEST_URI=/gotrack/app/services.html
HTTP_REFERER=http://localhost:8383/gotrack/app/index.html
---
2014/08/04 08:56:58 [error] [exception.CHttpException.404] exception 'CHttpException' with message 'Unable to resolve the request "app/css/font-awesome.min.css".' in /Applications/MAMP/htdocs/gotrack/yii/framework/web/CWebApplication.php:286
Stack trace:
#0 /Applications/MAMP/htdocs/gotrack/yii/framework/web/CWebApplication.php(141): CWebApplication->runController('app/css/font-aw...')
#1 /Applications/MAMP/htdocs/gotrack/yii/framework/base/CApplication.php(180): CWebApplication->processRequest()
#2 /Applications/MAMP/htdocs/gotrack/index.php(13): CApplication->run()
#3 {main}
REQUEST_URI=/gotrack/app/css/font-awesome.min.css
HTTP_REFERER=http://localhost:8383/gotrack/app/index.html
---
2014/08/04 08:57:05 [error] [exception.CHttpException.404] exception 'CHttpException' with message 'Unable to resolve the request "app/css/font-awesome.min.css".' in /Applications/MAMP/htdocs/gotrack/yii/framework/web/CWebApplication.php:286
Stack trace:
#0 /Applications/MAMP/htdocs/gotrack/yii/framework/web/CWebApplication.php(141): CWebApplication->runController('app/css/font-aw...')
#1 /Applications/MAMP/htdocs/gotrack/yii/framework/base/CApplication.php(180): CWebApplication->processRequest()
#2 /Applications/MAMP/htdocs/gotrack/index.php(13): CApplication->run()
#3 {main}
REQUEST_URI=/gotrack/app/css/font-awesome.min.css
HTTP_REFERER=http://localhost:8383/gotrack/app/
---
2014/08/04 08:57:35 [error] [exception.CHttpException.404] exception 'CHttpException' with message 'Unable to resolve the request "app/css/font-awesome.min.css".' in /Applications/MAMP/htdocs/gotrack/yii/framework/web/CWebApplication.php:286
Stack trace:
#0 /Applications/MAMP/htdocs/gotrack/yii/framework/web/CWebApplication.php(141): CWebApplication->runController('app/css/font-aw...')
#1 /Applications/MAMP/htdocs/gotrack/yii/framework/base/CApplication.php(180): CWebApplication->processRequest()
#2 /Applications/MAMP/htdocs/gotrack/index.php(13): CApplication->run()
#3 {main}
REQUEST_URI=/gotrack/app/css/font-awesome.min.css
HTTP_REFERER=http://localhost:8383/gotrack/app/
---
2014/08/04 08:57:37 [error] [exception.CHttpException.404] exception 'CHttpException' with message 'Unable to resolve the request "app/css/font-awesome.min.css".' in /Applications/MAMP/htdocs/gotrack/yii/framework/web/CWebApplication.php:286
Stack trace:
#0 /Applications/MAMP/htdocs/gotrack/yii/framework/web/CWebApplication.php(141): CWebApplication->runController('app/css/font-aw...')
#1 /Applications/MAMP/htdocs/gotrack/yii/framework/base/CApplication.php(180): CWebApplication->processRequest()
#2 /Applications/MAMP/htdocs/gotrack/index.php(13): CApplication->run()
#3 {main}
REQUEST_URI=/gotrack/app/css/font-awesome.min.css
HTTP_REFERER=http://localhost:8383/gotrack/app/
---
2014/08/04 08:57:38 [error] [exception.CHttpException.404] exception 'CHttpException' with message 'Unable to resolve the request "app/css/font-awesome.min.css".' in /Applications/MAMP/htdocs/gotrack/yii/framework/web/CWebApplication.php:286
Stack trace:
#0 /Applications/MAMP/htdocs/gotrack/yii/framework/web/CWebApplication.php(141): CWebApplication->runController('app/css/font-aw...')
#1 /Applications/MAMP/htdocs/gotrack/yii/framework/base/CApplication.php(180): CWebApplication->processRequest()
#2 /Applications/MAMP/htdocs/gotrack/index.php(13): CApplication->run()
#3 {main}
REQUEST_URI=/gotrack/app/css/font-awesome.min.css
HTTP_REFERER=http://localhost:8383/gotrack/app/
---
2014/08/04 08:57:44 [error] [exception.CHttpException.404] exception 'CHttpException' with message 'Unable to resolve the request "app/customers".' in /Applications/MAMP/htdocs/gotrack/yii/framework/web/CWebApplication.php:286
Stack trace:
#0 /Applications/MAMP/htdocs/gotrack/yii/framework/web/CWebApplication.php(141): CWebApplication->runController('app/customers')
#1 /Applications/MAMP/htdocs/gotrack/yii/framework/base/CApplication.php(180): CWebApplication->processRequest()
#2 /Applications/MAMP/htdocs/gotrack/index.php(13): CApplication->run()
#3 {main}
REQUEST_URI=/gotrack/app/customers/2
HTTP_REFERER=http://localhost:8383/gotrack/app/
---
2014/08/04 08:58:48 [error] [exception.CHttpException.404] exception 'CHttpException' with message 'Unable to resolve the request "app/css/font-awesome.min.css".' in /Applications/MAMP/htdocs/gotrack/yii/framework/web/CWebApplication.php:286
Stack trace:
#0 /Applications/MAMP/htdocs/gotrack/yii/framework/web/CWebApplication.php(141): CWebApplication->runController('app/css/font-aw...')
#1 /Applications/MAMP/htdocs/gotrack/yii/framework/base/CApplication.php(180): CWebApplication->processRequest()
#2 /Applications/MAMP/htdocs/gotrack/index.php(13): CApplication->run()
#3 {main}
REQUEST_URI=/gotrack/app/css/font-awesome.min.css
HTTP_REFERER=http://localhost:8383/gotrack/app/
---
2014/08/04 08:58:48 [error] [exception.CHttpException.404] exception 'CHttpException' with message 'Unable to resolve the request "app/css/font-awesome.min.css".' in /Applications/MAMP/htdocs/gotrack/yii/framework/web/CWebApplication.php:286
Stack trace:
#0 /Applications/MAMP/htdocs/gotrack/yii/framework/web/CWebApplication.php(141): CWebApplication->runController('app/css/font-aw...')
#1 /Applications/MAMP/htdocs/gotrack/yii/framework/base/CApplication.php(180): CWebApplication->processRequest()
#2 /Applications/MAMP/htdocs/gotrack/index.php(13): CApplication->run()
#3 {main}
REQUEST_URI=/gotrack/app/css/font-awesome.min.css
HTTP_REFERER=http://localhost:8383/gotrack/app/
---
2014/08/04 08:58:50 [error] [exception.CHttpException.404] exception 'CHttpException' with message 'Unable to resolve the request "app/css/font-awesome.min.css".' in /Applications/MAMP/htdocs/gotrack/yii/framework/web/CWebApplication.php:286
Stack trace:
#0 /Applications/MAMP/htdocs/gotrack/yii/framework/web/CWebApplication.php(141): CWebApplication->runController('app/css/font-aw...')
#1 /Applications/MAMP/htdocs/gotrack/yii/framework/base/CApplication.php(180): CWebApplication->processRequest()
#2 /Applications/MAMP/htdocs/gotrack/index.php(13): CApplication->run()
#3 {main}
REQUEST_URI=/gotrack/app/css/font-awesome.min.css
HTTP_REFERER=http://localhost:8383/gotrack/app/
---
2014/08/04 08:58:51 [error] [exception.CHttpException.404] exception 'CHttpException' with message 'Unable to resolve the request "app/css/font-awesome.min.css".' in /Applications/MAMP/htdocs/gotrack/yii/framework/web/CWebApplication.php:286
Stack trace:
#0 /Applications/MAMP/htdocs/gotrack/yii/framework/web/CWebApplication.php(141): CWebApplication->runController('app/css/font-aw...')
#1 /Applications/MAMP/htdocs/gotrack/yii/framework/base/CApplication.php(180): CWebApplication->processRequest()
#2 /Applications/MAMP/htdocs/gotrack/index.php(13): CApplication->run()
#3 {main}
REQUEST_URI=/gotrack/app/css/font-awesome.min.css
HTTP_REFERER=http://localhost:8383/gotrack/app/index.html
---
2014/08/04 08:58:57 [error] [exception.CHttpException.404] exception 'CHttpException' with message 'Unable to resolve the request "app/css/font-awesome.min.css".' in /Applications/MAMP/htdocs/gotrack/yii/framework/web/CWebApplication.php:286
Stack trace:
#0 /Applications/MAMP/htdocs/gotrack/yii/framework/web/CWebApplication.php(141): CWebApplication->runController('app/css/font-aw...')
#1 /Applications/MAMP/htdocs/gotrack/yii/framework/base/CApplication.php(180): CWebApplication->processRequest()
#2 /Applications/MAMP/htdocs/gotrack/index.php(13): CApplication->run()
#3 {main}
REQUEST_URI=/gotrack/app/css/font-awesome.min.css
HTTP_REFERER=http://localhost:8383/gotrack/app/index.html
---
2014/08/04 09:07:28 [error] [exception.CHttpException.404] exception 'CHttpException' with message 'Unable to resolve the request "app/css/font-awesome.min.css".' in /Applications/MAMP/htdocs/gotrack/yii/framework/web/CWebApplication.php:286
Stack trace:
#0 /Applications/MAMP/htdocs/gotrack/yii/framework/web/CWebApplication.php(141): CWebApplication->runController('app/css/font-aw...')
#1 /Applications/MAMP/htdocs/gotrack/yii/framework/base/CApplication.php(180): CWebApplication->processRequest()
#2 /Applications/MAMP/htdocs/gotrack/index.php(13): CApplication->run()
#3 {main}
REQUEST_URI=/gotrack/app/css/font-awesome.min.css
HTTP_REFERER=http://localhost:8383/gotrack/app/
---
